weights_neuron9 [0] = -0.5151256594000758;
weights_neuron9 [1] = -46.70990578854727;
weights_neuron9 [2] = -3.1822064849862466;
weights_neuron10 [0] = 1.13951746220348;
weights_neuron10 [1] = -1.438000109603468;
weights_neuron10 [2] = 5.029616779791933;
EXAMPLE RANDOM : -0.0010491283735916085
ITERATION :4264
POPULATION2 WON: population1 extinct
NETWORK
weights_neuron1 [0] = -0.4177591635509294;
weights_neuron1 [1] = 0.714523876333334;
weights_neuron1 [2] = 0.8437893584249371;
weights_neuron1 [3] = 0.5844726369457427;
weights_neuron1 [4] = 1.393366138402745;
weights_neuron1 [5] = -11.717440218921173;
weights_neuron1 [6] = -3.251935177731784;
weights_neuron2 [0] = -3.251360038199884;
weights_neuron2 [1] = 5.219437459765738;
weights_neuron2 [2] = 4.349514827129839;
weights_neuron2 [3] = -5.007560278018118;
weights_neuron2 [4] = 2.578599510353845;
weights_neuron2 [5] = 8.21542335916233;
weights_neuron2 [6] = -36.58264528318529;
weights_neuron3 [0] = -0.16877150580534245;
weights_neuron3 [1] = 0.5930745065304253;
weights_neuron3 [2] = -23.336201733914642;
weights_neuron3 [3] = -0.7542120877378965;
weights_neuron3 [4] = 8.928995325510886;
weights_neuron3 [5] = 3.087478662285124;
weights_neuron3 [6] = -12.174628917767514;
weights_neuron4 [0] = 2.4855322572220064;
weights_neuron4 [1] = 18.182009930099465;
weights_neuron4 [2] = 6.480156909420746;
weights_neuron5 [0] = -4.8407426898078825;
weights_neuron5 [1] = -0.3710897222614688;
weights_neuron5 [2] = 2.5248115398970015;
weights_neuron6 [0] = 2.7800810506927762;
weights_neuron6 [1] = 2.977390357367808;
weights_neuron6 [2] = -5.596866895014354;
weights_neuron7 [0] = -4.873272533229286;
weights_neuron7 [1] = -15.815509122287047;
weights_neuron7 [2] = 12.543132426844465;
weights_neuron8 [0] = 0.4714586519469926;
weights_neuron8 [1] = -1.4015087764881051;
weights_neuron8 [2] = 0.2636399428707318;
weights_neuron9 [0] = -0.5147168359710229;
weights_neuron9 [1] = -46.71435872233068;
weights_neuron9 [2] = -3.181303281381285;
weights_neuron10 [0] = 1.1400165849997017;
weights_neuron10 [1] = -1.4390995783844598;
weights_neuron10 [2] = 5.031128071471786;
EXAMPLE RANDOM : 0.003194937815941317
ITERATION :4265
POPULATION1 WON: population2 extinct
NETWORK
weights_neuron1 [0] = -0.41793813929452656;
weights_neuron1 [1] = 0.7143483069872602;
weights_neuron1 [2] = 0.8446533605216449;
weights_neuron1 [3] = 0.5837691099273162;
weights_neuron1 [4] = 1.393738797073188;
weights_neuron1 [5] = -11.71744924417832;
weights_neuron1 [6] = -3.251929440645669;
weights_neuron2 [0] = -3.250913254225727;
weights_neuron2 [1] = 5.21992100383076;
weights_neuron2 [2] = 4.350041530147704;
weights_neuron2 [3] = -5.008601513134523;
weights_neuron2 [4] = 2.5784973205900976;
weights_neuron2 [5] = 8.30795316534573;
weights_neuron2 [6] = -36.58262152698282;
weights_neuron3 [0] = -0.16835318101178032;
weights_neuron3 [1] = 0.5927415805711851;
weights_neuron3 [2] = -23.335892447416537;
weights_neuron3 [3] = -0.753659472257627;
weights_neuron3 [4] = 8.929210147472778;
weights_neuron3 [5] = 3.0873634466713744;
weights_neuron3 [6] = -12.172397873373917;
weights_neuron4 [0] = 2.4860555398868867;
weights_neuron4 [1] = 18.182583498888576;
weights_neuron4 [2] = 6.479594383261033;
weights_neuron5 [0] = -4.837881871177517;
weights_neuron5 [1] = -0.3707768707320961;
weights_neuron5 [2] = 2.5244020355857377;
weights_neuron6 [0] = 2.782072283029597;
weights_neuron6 [1] = 2.9773016316511884;
weights_neuron6 [2] = -5.594250655760996;
weights_neuron7 [0] = -4.8727939045547775;
weights_neuron7 [1] = -15.816018156949436;
weights_neuron7 [2] = 12.542975670020319;
weights_neuron8 [0] = 0.47185491037091365;
weights_neuron8 [1] = -1.4023713386365309;
weights_neuron8 [2] = 0.26437597233598537;
weights_neuron9 [0] = -0.515042800083966;
weights_neuron9 [1] = -46.713933943472036;
weights_neuron9 [2] = -3.180881637510544;
weights_neuron10 [0] = 1.1380409027871896;
weights_neuron10 [1] = -1.4447894485119495;
weights_neuron10 [2] = 5.030119387956968;
EXAMPLE RANDOM : 0.06899509308628957
ITERATION :4266
BEAST GOT HIT!!!!!
BEAST GOT HIT!!!!!
BEAST GOT HIT!!!!!
BEAST GOT HIT!!!!!
BEAST GOT HIT!!!!!
POPULATION2 WON: both extinct BEAST 2 damaged more
NETWORK
weights_neuron1 [0] = -0.41833379790001257;
weights_neuron1 [1] = 0.7145646205692897;
weights_neuron1 [2] = 0.8445737213837796;
weights_neuron1 [3] = 0.5813457958874221;
weights_neuron1 [4] = 1.3268402132369614;
weights_neuron1 [5] = -11.706081358536025;
weights_neuron1 [6] = -3.2451939937215486;
weights_neuron2 [0] = -3.2498460878181707;
weights_neuron2 [1] = 5.219279031861441;
weights_neuron2 [2] = 4.3494618550091495;
weights_neuron2 [3] = -5.008142716237758;
weights_neuron2 [4] = 2.5782203941772432;
weights_neuron2 [5] = 8.307781874551875;
weights_neuron2 [6] = -36.58266021665283;
weights_neuron3 [0] = -0.16824540700185395;
weights_neuron3 [1] = 0.5926317562291323;
weights_neuron3 [2] = -23.335518295216694;
weights_neuron3 [3] = -0.7491986658813455;
weights_neuron3 [4] = 8.930193880433837;
weights_neuron3 [5] = 3.0885382335378417;
weights_neuron3 [6] = -12.172064750640347;
weights_neuron4 [0] = 2.4875396695164236;
weights_neuron4 [1] = 18.181398925011532;
weights_neuron4 [2] = 6.478360551939477;
weights_neuron5 [0] = -4.838975112626547;
weights_neuron5 [1] = -0.3696328504298397;
weights_neuron5 [2] = 2.524366468727185;
weights_neuron6 [0] = 2.7817123657295624;
weights_neuron6 [1] = 2.9762284125648075;
weights_neuron6 [2] = -5.594200460011029;
weights_neuron7 [0] = -4.872900736106506;
weights_neuron7 [1] = -15.816327331200421;
weights_neuron7 [2] = 12.545898299196578;
weights_neuron8 [0] = 0.47076515408339764;
weights_neuron8 [1] = -1.5078017592135577;
weights_neuron8 [2] = 0.26417871949622546;
weights_neuron9 [0] = -0.5157819079480674;
weights_neuron9 [1] = -46.71396970446152;
weights_neuron9 [2] = -3.1728290152602447;
weights_neuron10 [0] = 1.1373332555563516;
weights_neuron10 [1] = -1.4451018787223162;
weights_neuron10 [2] = 5.029286291831482;
EXAMPLE RANDOM : -0.007201627223490932
ITERATION :4267
BEAST GOT HIT!!!!!
BEAST GOT HIT!!!!!
BEAST GOT HIT!!!!!
BEAST GOT HIT!!!!!
BEAST GOT HIT!!!!!
BEAST GOT HIT!!!!!
BEAST GOT HIT!!!!!
BEAST GOT HIT!!!!!
BEAST GOT HIT!!!!!
BEAST GOT HIT!!!!!
BEAST GOT HIT!!!!!
BEAST GOT HIT!!!!!
BEAST GOT HIT!!!!!
BEAST GOT HIT!!!!!
BEAST GOT HIT!!!!!
BEAST GOT HIT!!!!!
BEAST GOT HIT!!!!!
BEAST GOT HIT!!!!!
BEAST GOT HIT!!!!!
BEAST GOT HIT!!!!!
BEAST GOT HIT!!!!!
BEAST GOT HIT!!!!!
BEAST GOT HIT!!!!!
BEAST GOT HIT!!!!!
BEAST GOT HIT!!!!!
BEAST GOT HIT!!!!!
BEAST GOT HIT!!!!!
BEAST GOT HIT!!!!!
POPULATION1 WON: both extinct BEAST 1 damaged more
NETWORK
weights_neuron1 [0] = -0.4182613775790206;
weights_neuron1 [1] = 0.7154076958064894;
weights_neuron1 [2] = 0.843790647011085;
weights_neuron1 [3] = 0.5853039463109361;
weights_neuron1 [4] = 1.3269871941981095;
weights_neuron1 [5] = -11.706514047012801;
weights_neuron1 [6] = -3.2459729102453054;
weights_neuron2 [0] = -3.2494442697447354;
weights_neuron2 [1] = 5.221024961675327;
weights_neuron2 [2] = 4.350023618464169;
weights_neuron2 [3] = -5.026808718746616;
weights_neuron2 [4] = 2.5773132383851656;
weights_neuron2 [5] = 8.307156130373022;
weights_neuron2 [6] = -36.583353449727944;
weights_neuron3 [0] = -0.16690358615311596;
weights_neuron3 [1] = 0.5930101305885449;
weights_neuron3 [2] = -23.334134362356007;
weights_neuron3 [3] = -0.748683650445807;
weights_neuron3 [4] = 8.930876327785887;
weights_neuron3 [5] = 3.08890934361491;
weights_neuron3 [6] = -12.172846628196702;
weights_neuron4 [0] = 2.488069727916369;
weights_neuron4 [1] = 18.181679911738943;
weights_neuron4 [2] = 6.478930668689752;
weights_neuron5 [0] = -4.8390072629796625;
weights_neuron5 [1] = -0.3641521920593564;
weights_neuron5 [2] = 2.5248241736934967;
weights_neuron6 [0] = 2.781096124690394;
weights_neuron6 [1] = 2.9753157444934737;
weights_neuron6 [2] = -5.594152963119643;
weights_neuron7 [0] = -4.875953664323516;
weights_neuron7 [1] = -15.816688864417811;
weights_neuron7 [2] = 12.54561038923397;
weights_neuron8 [0] = 0.469579177005132;
weights_neuron8 [1] = -1.5063995880999566;
weights_neuron8 [2] = 0.2655104021886666;
weights_neuron9 [0] = -0.5126965040013229;
weights_neuron9 [1] = -46.71545062665428;
weights_neuron9 [2] = -3.1724758317785735;
weights_neuron10 [0] = 1.1366545226069547;
weights_neuron10 [1] = -1.446148985535587;
weights_neuron10 [2] = 5.030163297492636;
EXAMPLE RANDOM : 5.301576071394431E-4
ITERATION :4268
BEAST GOT HIT!!!!!
BEAST GOT HIT!!!!!
BEAST GOT HIT!!!!!
BEAST GOT HIT!!!!!
BEAST GOT HIT!!!!!
BEAST GOT HIT!!!!!
BEAST GOT HIT!!!!!
BEAST GOT HIT!!!!!
POPULATION2 WON: population1 extinct
NETWORK
weights_neuron1 [0] = -0.4189027447532106;
weights_neuron1 [1] = 0.7157074005276212;
weights_neuron1 [2] = 0.8436894558501798;
weights_neuron1 [3] = 0.5853843851276337;
weights_neuron1 [4] = 1.3270553058155627;
weights_neuron1 [5] = -11.706627408594667;
weights_neuron1 [6] = -3.24530135177684;
weights_neuron2 [0] = -3.2500281611447708;
weights_neuron2 [1] = 5.220413311871089;
weights_neuron2 [2] = 4.349240645968965;
weights_neuron2 [3] = -5.027243072788593;
weights_neuron2 [4] = 2.5777910160894755;
weights_neuron2 [5] = 8.311680690030633;
weights_neuron2 [6] = -36.58642000428634;
weights_neuron3 [0] = -0.1671390942952937;
weights_neuron3 [1] = 0.5927354818504196;
weights_neuron3 [2] = -23.333891942369966;
weights_neuron3 [3] = -0.7477766722528882;
weights_neuron3 [4] = 8.931268336204164;
weights_neuron3 [5] = 3.0883171759876773;
weights_neuron3 [6] = -12.174759249640552;
weights_neuron4 [0] = 2.4878827576286633;
weights_neuron4 [1] = 18.182569310951163;
weights_neuron4 [2] = 6.478406082222524;
weights_neuron5 [0] = -4.836051672572374;
weights_neuron5 [1] = -0.36375565543754607;
weights_neuron5 [2] = 2.5245791361753014;
weights_neuron6 [0] = 2.795972095622077;
weights_neuron6 [1] = 2.975552619796422;
weights_neuron6 [2] = -5.594047597261705;
weights_neuron7 [0] = -4.875897368274076;
weights_neuron7 [1] = -15.804124938143344;
weights_neuron7 [2] = 12.545636245288833;
weights_neuron8 [0] = 0.4703543550703706;
weights_neuron8 [1] = -1.5056264318676704;
weights_neuron8 [2] = 0.2650925123528959;
weights_neuron9 [0] = -0.5127871518076149;
weights_neuron9 [1] = -46.71559945689569;
weights_neuron9 [2] = -3.172679933439147;
weights_neuron10 [0] = 1.1373171733951717;
weights_neuron10 [1] = -1.4461761267840796;
weights_neuron10 [2] = 5.030497092961626;
EXAMPLE RANDOM : 0.001040586602752288
ITERATION :4269
BEAST GOT HIT!!!!!
BEAST GOT HIT!!!!!
BEAST GOT HIT!!!!!
BEAST GOT HIT!!!!!
BEAST GOT HIT!!!!!
BEAST GOT HIT!!!!!
BEAST GOT HIT!!!!!
BEAST GOT HIT!!!!!
BEAST GOT HIT!!!!!
BEAST GOT HIT!!!!!
BEAST GOT HIT!!!!!
BEAST GOT HIT!!!!!
BEAST GOT HIT!!!!!
BEAST GOT HIT!!!!!
BEAST GOT HIT!!!!!
BEAST GOT HIT!!!!!
POPULATION1 WON: both extinct BEAST 1 damaged more
NETWORK
weights_neuron1 [0] = -0.41854290108465436;
weights_neuron1 [1] = 0.7165184111493293;
weights_neuron1 [2] = 0.8441290644062621;
weights_neuron1 [3] = 0.5857622566996987;
weights_neuron1 [4] = 1.3259919246487735;
weights_neuron1 [5] = -11.706389360308986;
weights_neuron1 [6] = -3.2461871340315325;
weights_neuron2 [0] = -3.2508236462981066;
weights_neuron2 [1] = 5.207077513585416;
weights_neuron2 [2] = 4.349642040139398;
weights_neuron2 [3] = -5.027768875812876;
weights_neuron2 [4] = 2.5781272850713055;
weights_neuron2 [5] = 8.312474210219808;
weights_neuron2 [6] = -36.58750688319222;
weights_neuron3 [0] = -0.16736551896753302;
weights_neuron3 [1] = 0.5924083614716731;
weights_neuron3 [2] = -23.334352666489014;
weights_neuron3 [3] = -0.7476976746721258;
weights_neuron3 [4] = 8.930818974581532;
weights_neuron3 [5] = 3.0883166218229245;
weights_neuron3 [6] = -12.175048410692318;
weights_neuron4 [0] = 2.490236274603632;
weights_neuron4 [1] = 18.18267087702807;
weights_neuron4 [2] = 6.478188975798174;
weights_neuron5 [0] = -4.836562390976492;
weights_neuron5 [1] = -0.3637611277754286;
weights_neuron5 [2] = 2.525152931019579;
weights_neuron6 [0] = 2.7966333068523674;
weights_neuron6 [1] = 2.976339253626548;
weights_neuron6 [2] = -5.594664098658941;
weights_neuron7 [0] = -4.87541729293791;
weights_neuron7 [1] = -15.804536135088739;
weights_neuron7 [2] = 12.54531607364104;
weights_neuron8 [0] = 0.47072213735172597;
weights_neuron8 [1] = -1.5065455530417105;
weights_neuron8 [2] = 0.2649585468191526;
weights_neuron9 [0] = -0.513119400049923;
weights_neuron9 [1] = -46.71800783381648;
weights_neuron9 [2] = -3.1737090897040106;
weights_neuron10 [0] = 1.137753882368929;
weights_neuron10 [1] = -1.4464001974594307;
weights_neuron10 [2] = 5.030110917859667;
EXAMPLE RANDOM : 6.670268757166533E-4
ITERATION :4270
MUTATE BOTH
EXAMPLE RANDOM : 1.1628641432659126E-4
EXAMPLE RANDOM : -3.0629016288637607E-4
ITERATION :4271
BEAST GOT HIT!!!!!
BEAST GOT HIT!!!!!
BEAST GOT HIT!!!!!
BEAST GOT HIT!!!!!
BEAST GOT HIT!!!!!
BEAST GOT HIT!!!!!
BEAST GOT HIT!!!!!
BEAST GOT HIT!!!!!
BEAST GOT HIT!!!!!
BEAST GOT HIT!!!!!
BEAST GOT HIT!!!!!
BEAST GOT HIT!!!!!
BEAST GOT HIT!!!!!
BEAST GOT HIT!!!!!
BEAST GOT HIT!!!!!
BEAST GOT HIT!!!!!
BEAST GOT HIT!!!!!
BEAST GOT HIT!!!!!
BEAST GOT HIT!!!!!
BEAST GOT HIT!!!!!
BEAST GOT HIT!!!!!
BEAST GOT HIT!!!!!
BEAST GOT HIT!!!!!
BEAST GOT HIT!!!!!
BEAST GOT HIT!!!!!
BEAST GOT HIT!!!!!
BEAST GOT HIT!!!!!
BEAST GOT HIT!!!!!
BEAST GOT HIT!!!!!
BEAST GOT HIT!!!!!
BEAST GOT HIT!!!!!
BEAST GOT HIT!!!!!
BEAST GOT HIT!!!!!
BEAST GOT HIT!!!!!
BEAST GOT HIT!!!!!
BEAST GOT HIT!!!!!
BEAST GOT HIT!!!!!
BEAST GOT HIT!!!!!
BEAST GOT HIT!!!!!
BEAST GOT HIT!!!!!
BEAST GOT HIT!!!!!
BEAST GOT HIT!!!!!
BEAST GOT HIT!!!!!
BEAST GOT HIT!!!!!
BEAST GOT HIT!!!!!
BEAST GOT HIT!!!!!
BEAST GOT HIT!!!!!
POPULATION2 WON: both extinct BEAST 2 damaged more
NETWORK
weights_neuron1 [0] = -0.4195440425820526;
weights_neuron1 [1] = 0.7169509643433372;
weights_neuron1 [2] = 0.8434857647287559;
weights_neuron1 [3] = 0.5836178910900386;
weights_neuron1 [4] = 1.3210337919604875;
weights_neuron1 [5] = -11.707749615978639;
weights_neuron1 [6] = -3.2464883680521246;
weights_neuron2 [0] = -3.250760976736595;
weights_neuron2 [1] = 5.20965476835138;
weights_neuron2 [2] = 4.350060350903316;
weights_neuron2 [3] = -5.031752007205336;
weights_neuron2 [4] = 2.544951102743966;
weights_neuron2 [5] = 8.312975196591578;
weights_neuron2 [6] = -36.587972613511965;
weights_neuron3 [0] = -0.17277072177551914;
weights_neuron3 [1] = 0.5934304594251963;
weights_neuron3 [2] = -23.335199925132102;
weights_neuron3 [3] = -0.7483990996974502;
weights_neuron3 [4] = 8.9329743504043;
weights_neuron3 [5] = 3.0868649517444875;
weights_neuron3 [6] = -12.173096638661688;
weights_neuron4 [0] = 2.4941008996237657;
weights_neuron4 [1] = 18.181722211440768;
weights_neuron4 [2] = 6.478525529706583;
weights_neuron5 [0] = -4.837444093337041;
weights_neuron5 [1] = -0.36399511005743457;
weights_neuron5 [2] = 2.5247325059741357;
weights_neuron6 [0] = 2.7971924995990225;
weights_neuron6 [1] = 2.9720937783757204;
weights_neuron6 [2] = -5.5966821129306075;
weights_neuron7 [0] = -4.87466957079771;
weights_neuron7 [1] = -15.80396307724163;
weights_neuron7 [2] = 12.546838212770592;
weights_neuron8 [0] = 0.4736219829904899;
weights_neuron8 [1] = -1.5058272479262842;
weights_neuron8 [2] = 0.26558393923250995;
weights_neuron9 [0] = -0.5127085316653403;
weights_neuron9 [1] = -46.687142509929956;
weights_neuron9 [2] = -3.173309704103555;
weights_neuron10 [0] = 1.1377993297411901;
weights_neuron10 [1] = -1.4455829644194835;
weights_neuron10 [2] = 5.031639728957627;
EXAMPLE RANDOM : -4.391605282135028E-4
ITERATION :4272
BEAST GOT HIT!!!!!
BEAST GOT HIT!!!!!
BEAST GOT HIT!!!!!
BEAST GOT HIT!!!!!
BEAST GOT HIT!!!!!
BEAST GOT HIT!!!!!
BEAST GOT HIT!!!!!
BEAST GOT HIT!!!!!
BEAST GOT HIT!!!!!
BEAST GOT HIT!!!!!
BEAST GOT HIT!!!!!
BEAST GOT HIT!!!!!
BEAST GOT HIT!!!!!
BEAST GOT HIT!!!!!
BEAST GOT HIT!!!!!
BEAST GOT HIT!!!!!
BEAST GOT HIT!!!!!
BEAST GOT HIT!!!!!
BEAST GOT HIT!!!!!
BEAST GOT HIT!!!!!
BEAST GOT HIT!!!!!
BEAST GOT HIT!!!!!
BEAST GOT HIT!!!!!
BEAST GOT HIT!!!!!
BEAST GOT HIT!!!!!
BEAST GOT HIT!!!!!
BEAST GOT HIT!!!!!
BEAST GOT HIT!!!!!
BEAST GOT HIT!!!!!
BEAST GOT HIT!!!!!
BEAST GOT HIT!!!!!
BEAST GOT HIT!!!!!
BEAST GOT HIT!!!!!
BEAST GOT HIT!!!!!
BEAST GOT HIT!!!!!
BEAST GOT HIT!!!!!
POPULATION2 WON: BEAST 2 defeated
NETWORK
weights_neuron1 [0] = -0.419099541378937;
weights_neuron1 [1] = 0.7169908860271805;
weights_neuron1 [2] = 0.8418472044894628;
weights_neuron1 [3] = 0.5829788291974438;
weights_neuron1 [4] = 1.321737540765528;
weights_neuron1 [5] = -11.707478244998478;
weights_neuron1 [6] = -3.2467422588914507;
weights_neuron2 [0] = -3.249078971624538;
weights_neuron2 [1] = 5.209847108266387;
weights_neuron2 [2] = 4.3508095425234075;
weights_neuron2 [3] = -5.031595256203332;
weights_neuron2 [4] = 2.5457247012559003;
weights_neuron2 [5] = 8.312486103367638;
weights_neuron2 [6] = -36.58978383862678;
weights_neuron3 [0] = -0.17345729306364702;
weights_neuron3 [1] = 0.5923999489417345;
weights_neuron3 [2] = -23.333988549903754;
weights_neuron3 [3] = -0.74943405471136;
weights_neuron3 [4] = 8.938861743438103;
weights_neuron3 [5] = 3.0864789318641113;
weights_neuron3 [6] = -12.172793268102557;
weights_neuron4 [0] = 2.4941293953280947;
weights_neuron4 [1] = 18.178880830458663;
weights_neuron4 [2] = 6.4780613242424305;
weights_neuron5 [0] = -4.837380331218874;
weights_neuron5 [1] = -0.3631935574977536;
weights_neuron5 [2] = 2.5243514578052366;
weights_neuron6 [0] = 2.7976044966553024;
weights_neuron6 [1] = 2.972206918326197;
weights_neuron6 [2] = -5.59647289468306;
weights_neuron7 [0] = -4.875272426004736;
weights_neuron7 [1] = -15.80390845671487;
weights_neuron7 [2] = 12.546535018299465;
weights_neuron8 [0] = 0.4731689179543172;
weights_neuron8 [1] = -1.5061281865068004;
weights_neuron8 [2] = 0.26490054316152734;
weights_neuron9 [0] = -0.5206599924315548;
weights_neuron9 [1] = -46.68669860867913;
weights_neuron9 [2] = -3.1737056246992683;
weights_neuron10 [0] = 1.137800365702687;
weights_neuron10 [1] = -1.4460802491406284;
weights_neuron10 [2] = 5.032225080205661;
EXAMPLE RANDOM : 0.0036105554826787113
ITERATION :4273
BEAST GOT HIT!!!!!
BEAST GOT HIT!!!!!
BEAST GOT HIT!!!!!
POPULATION1 WON: both extinct BEAST 1 damaged more
NETWORK
weights_neuron1 [0] = -0.4198931070290674;
weights_neuron1 [1] = 0.7165985399500446;
weights_neuron1 [2] = 0.8424042659711279;
weights_neuron1 [3] = 0.5833133194357981;
weights_neuron1 [4] = 1.3221772610290337;
weights_neuron1 [5] = -11.707563627704;
weights_neuron1 [6] = -3.2470180579893193;
weights_neuron2 [0] = -3.2524180409666803;
weights_neuron2 [1] = 5.210550477968747;
weights_neuron2 [2] = 4.35043203303194;
weights_neuron2 [3] = -5.0321871427073415;
weights_neuron2 [4] = 2.545552511077744;
weights_neuron2 [5] = 8.312020512706036;
weights_neuron2 [6] = -36.59028980206747;
weights_neuron3 [0] = -0.17263893280299297;
weights_neuron3 [1] = 0.5928433816029973;
weights_neuron3 [2] = -23.333249630217985;
weights_neuron3 [3] = -0.7489047612104031;
weights_neuron3 [4] = 8.938885643577176;
weights_neuron3 [5] = 3.0824908999853693;
weights_neuron3 [6] = -12.17299706644429;
weights_neuron4 [0] = 2.49349216225191;
weights_neuron4 [1] = 18.1795442404494;
weights_neuron4 [2] = 6.477374829312219;
weights_neuron5 [0] = -4.837209960272868;
weights_neuron5 [1] = -0.36292765490890944;
weights_neuron5 [2] = 2.52291244711257;
weights_neuron6 [0] = 2.783994197643943;
weights_neuron6 [1] = 2.971675341323545;
weights_neuron6 [2] = -5.596165297470415;
weights_neuron7 [0] = -4.874725338383429;
weights_neuron7 [1] = -15.876160275456883;
weights_neuron7 [2] = 12.54663204641965;
weights_neuron8 [0] = 0.4717358740096912;
weights_neuron8 [1] = -1.5062805306287441;
weights_neuron8 [2] = 0.26490563045597193;
weights_neuron9 [0] = -0.5202118517642905;
weights_neuron9 [1] = -46.68570078860712;
weights_neuron9 [2] = -3.1738439623887595;
weights_neuron10 [0] = 1.138047931528081;
weights_neuron10 [1] = -1.4459541020385185;
weights_neuron10 [2] = 5.0322956506144845;
EXAMPLE RANDOM : -4.3401894779426716E-4
ITERATION :4274
BEAST GOT HIT!!!!!
BEAST GOT HIT!!!!!
BEAST GOT HIT!!!!!
BEAST GOT HIT!!!!!
BEAST GOT HIT!!!!!
BEAST GOT HIT!!!!!
BEAST GOT HIT!!!!!
BEAST GOT HIT!!!!!
BEAST GOT HIT!!!!!
BEAST GOT HIT!!!!!
BEAST GOT HIT!!!!!
BEAST GOT HIT!!!!!
POPULATION1 WON: both extinct BEAST 1 damaged more
NETWORK
weights_neuron1 [0] = -0.41952142633362915;
weights_neuron1 [1] = 0.7169258380782956;
weights_neuron1 [2] = 0.8419438207349806;
weights_neuron1 [3] = 0.5815799299288323;
weights_neuron1 [4] = 1.3226497824013224;
weights_neuron1 [5] = -11.708599327704036;
weights_neuron1 [6] = -3.2468199911305393;
weights_neuron2 [0] = -3.2525096774193867;
weights_neuron2 [1] = 5.2102629452308005;
weights_neuron2 [2] = 4.351218602016567;
weights_neuron2 [3] = -5.03187822805516;
weights_neuron2 [4] = 2.543567112920845;
weights_neuron2 [5] = 8.312547086239135;
weights_neuron2 [6] = -36.591384024226585;
weights_neuron3 [0] = -0.17258666865202027;
weights_neuron3 [1] = 0.5932134751235654;
weights_neuron3 [2] = -23.333646659149565;
weights_neuron3 [3] = -0.7491956960984891;
weights_neuron3 [4] = 8.938773621523504;
weights_neuron3 [5] = 3.083021307730109;
weights_neuron3 [6] = -12.172947601700063;
weights_neuron4 [0] = 2.4916415034406834;
weights_neuron4 [1] = 18.17953969849098;
weights_neuron4 [2] = 6.479504369378447;
weights_neuron5 [0] = -4.839145117772692;
weights_neuron5 [1] = -0.36416003829213234;
weights_neuron5 [2] = 2.523016224693337;
weights_neuron6 [0] = 2.7847518129794873;
weights_neuron6 [1] = 2.9711434117727875;
weights_neuron6 [2] = -5.596420045264692;
weights_neuron7 [0] = -4.873966127408897;
weights_neuron7 [1] = -15.877093916575351;
weights_neuron7 [2] = 12.547120227206939;
weights_neuron8 [0] = 0.472726812590022;
weights_neuron8 [1] = -1.5064452013291647;
weights_neuron8 [2] = 0.2672029402946681;
weights_neuron9 [0] = -0.5211102964683076;
weights_neuron9 [1] = -46.68654417748376;
weights_neuron9 [2] = -3.1737773234423394;
weights_neuron10 [0] = 1.138649092208514;
weights_neuron10 [1] = -1.4540753839374427;
weights_neuron10 [2] = 5.03239656676423;
EXAMPLE RANDOM : -2.029004313146541E-4
ITERATION :4275
POPULATION1 WON: population2 extinct
NETWORK
weights_neuron1 [0] = -0.4256018592175837;
weights_neuron1 [1] = 0.7172279402819587;
weights_neuron1 [2] = 0.8422122575353196;
weights_neuron1 [3] = 0.5820006484189286;
weights_neuron1 [4] = 1.3204392325541485;
weights_neuron1 [5] = -11.708181764693421;
weights_neuron1 [6] = -3.248701662835493;
weights_neuron2 [0] = -3.253095542091974;
weights_neuron2 [1] = 5.209209407246477;
weights_neuron2 [2] = 4.354235739407514;
weights_neuron2 [3] = -5.030873650522291;
weights_neuron2 [4] = 2.543109824044422;
weights_neuron2 [5] = 8.31440009560692;
weights_neuron2 [6] = -36.59172772378401;
weights_neuron3 [0] = -0.16408196581483195;
weights_neuron3 [1] = 0.5966727865025622;
weights_neuron3 [2] = -23.33389283970459;
weights_neuron3 [3] = -0.7500761851649026;
weights_neuron3 [4] = 8.93848648816256;
weights_neuron3 [5] = 3.0828239636343073;
weights_neuron3 [6] = -12.17209130570139;
weights_neuron4 [0] = 2.492211962604737;
weights_neuron4 [1] = 18.1794480530275;
weights_neuron4 [2] = 6.479168428069137;
weights_neuron5 [0] = -4.8389396981839985;
weights_neuron5 [1] = -0.36377122237365617;
weights_neuron5 [2] = 2.5235969465359096;
weights_neuron6 [0] = 2.776488221412915;
weights_neuron6 [1] = 2.9714666026121668;
weights_neuron6 [2] = -5.596459068917714;
weights_neuron7 [0] = -4.8775960908100755;
weights_neuron7 [1] = -15.878429415934114;
weights_neuron7 [2] = 12.550342271253275;
weights_neuron8 [0] = 0.4725330801925471;
weights_neuron8 [1] = -1.5063536980394867;
weights_neuron8 [2] = 0.26717201535885354;
weights_neuron9 [0] = -0.521379645007333;
weights_neuron9 [1] = -46.68332179728187;
weights_neuron9 [2] = -3.173799877281305;
weights_neuron10 [0] = 1.1383092601693807;
weights_neuron10 [1] = -1.448482845641268;
weights_neuron10 [2] = 5.032162250574891;
EXAMPLE RANDOM : 9.852702252381247E-5
ITERATION :4276
POPULATION1 WON: population2 extinct
NETWORK
weights_neuron1 [0] = -0.4255502083709344;
weights_neuron1 [1] = 0.7171692524243095;
weights_neuron1 [2] = 0.842117796627203;
weights_neuron1 [3] = 0.5809916625560837;
weights_neuron1 [4] = 1.3204781178633669;
weights_neuron1 [5] = -11.708686439004321;
weights_neuron1 [6] = -3.2501431700598054;
weights_neuron2 [0] = -3.2532104349391893;
weights_neuron2 [1] = 5.208848428999878;
weights_neuron2 [2] = 4.354604606867036;
weights_neuron2 [3] = -5.0340708308170985;
weights_neuron2 [4] = 2.5455935839527055;
weights_neuron2 [5] = 8.320991622200557;
weights_neuron2 [6] = -36.59199670493811;
weights_neuron3 [0] = -0.1640127317883006;
weights_neuron3 [1] = 0.5984467036358002;
weights_neuron3 [2] = -23.334165153565845;
weights_neuron3 [3] = -0.7517855186309427;
weights_neuron3 [4] = 8.938397409997737;
weights_neuron3 [5] = 3.0820638022339852;
weights_neuron3 [6] = -12.172631032638376;
weights_neuron4 [0] = 2.492919324809549;
weights_neuron4 [1] = 18.17880989539753;
weights_neuron4 [2] = 6.47946990147125;
weights_neuron5 [0] = -4.838896589141436;
weights_neuron5 [1] = -0.36308185089825973;
weights_neuron5 [2] = 2.5241316864229253;
weights_neuron6 [0] = 2.7760621624040467;
weights_neuron6 [1] = 2.9720388248003413;
weights_neuron6 [2] = -5.5963259676225965;
weights_neuron7 [0] = -4.877402119684117;
weights_neuron7 [1] = -15.87846426828492;
weights_neuron7 [2] = 12.5499242676151;
weights_neuron8 [0] = 0.47305405958790814;
weights_neuron8 [1] = -1.5064497514034714;
weights_neuron8 [2] = 0.2672567206351096;
weights_neuron9 [0] = -0.5219684987556236;
weights_neuron9 [1] = -46.684038909756666;
weights_neuron9 [2] = -3.173638642155042;
weights_neuron10 [0] = 1.1378537088081326;
weights_neuron10 [1] = -1.4489305820749585;
weights_neuron10 [2] = 5.033225822441155;
EXAMPLE RANDOM : -4.3046321671379195E-4
ITERATION :4277
POPULATION1 WON: population2 extinct
NETWORK
weights_neuron1 [0] = -0.42554281339802497;
weights_neuron1 [1] = 0.7174556190207263;
weights_neuron1 [2] = 0.8403346993729789;
weights_neuron1 [3] = 0.5815091634187732;
weights_neuron1 [4] = 1.320483609559976;
weights_neuron1 [5] = -11.70832078549618;
weights_neuron1 [6] = -3.2500824384772193;
weights_neuron2 [0] = -3.253547816469431;
weights_neuron2 [1] = 5.208024635304636;
weights_neuron2 [2] = 4.3546015022793645;
weights_neuron2 [3] = -5.034259061506391;
weights_neuron2 [4] = 2.5448814067341927;
weights_neuron2 [5] = 8.322771344257282;
weights_neuron2 [6] = -36.591599182824844;
weights_neuron3 [0] = -0.163573776297805;
weights_neuron3 [1] = 0.5980831231797973;
weights_neuron3 [2] = -23.332550747094512;
weights_neuron3 [3] = -0.7520486157065268;
weights_neuron3 [4] = 8.93845480466287;
weights_neuron3 [5] = 3.082583887317549;
weights_neuron3 [6] = -12.172950436895933;
weights_neuron4 [0] = 2.4936668182259827;
weights_neuron4 [1] = 18.178316753466287;
weights_neuron4 [2] = 6.480019630004845;
weights_neuron5 [0] = -4.839339575509518;
weights_neuron5 [1] = -0.3636304865644291;
weights_neuron5 [2] = 2.5243157692063103;
weights_neuron6 [0] = 2.7757692871649837;
weights_neuron6 [1] = 2.9718358382783445;
weights_neuron6 [2] = -5.597155706167204;
weights_neuron7 [0] = -4.8772611276008515;
weights_neuron7 [1] = -15.878436588447002;
weights_neuron7 [2] = 12.550684218688295;
weights_neuron8 [0] = 0.4735877861425167;
weights_neuron8 [1] = -1.5063990469187882;
weights_neuron8 [2] = 0.26713891439327436;
weights_neuron9 [0] = -0.5258317241929549;
weights_neuron9 [1] = -46.683549617759596;
weights_neuron9 [2] = -3.1732157158824905;
weights_neuron10 [0] = 1.137630842639938;
weights_neuron10 [1] = -1.4489811958573562;
weights_neuron10 [2] = 5.034544483406957;
EXAMPLE RANDOM : 3.2310795399531725E-4
ITERATION :4278
BEAST GOT HIT!!!!!
BEAST GOT HIT!!!!!
BEAST GOT HIT!!!!!
BEAST GOT HIT!!!!!
POPULATION2 WON: population1 extinct
NETWORK
weights_neuron1 [0] = -0.4219566744462371;
weights_neuron1 [1] = 0.717176496536384;
weights_neuron1 [2] = 0.8399734801438327;
weights_neuron1 [3] = 0.5822784518312442;
weights_neuron1 [4] = 1.3213112915439327;
weights_neuron1 [5] = -11.709571596418098;
weights_neuron1 [6] = -3.2487585452800176;
weights_neuron2 [0] = -3.2537574780671576;
weights_neuron2 [1] = 5.207979847936662;
weights_neuron2 [2] = 4.354394347252274;
weights_neuron2 [3] = -5.034036021505305;
weights_neuron2 [4] = 2.5451774772575293;
weights_neuron2 [5] = 8.322323828981485;
weights_neuron2 [6] = -36.6705660545016;
weights_neuron3 [0] = -0.1634138897328034;
weights_neuron3 [1] = 0.5967268151817655;
weights_neuron3 [2] = -23.331141056537046;
weights_neuron3 [3] = -0.7523923937670807;
weights_neuron3 [4] = 8.938602411556996;
weights_neuron3 [5] = 3.082231338394427;
weights_neuron3 [6] = -12.173259150327022;
weights_neuron4 [0] = 2.494148344205988;
weights_neuron4 [1] = 18.178745604904417;
weights_neuron4 [2] = 6.479746909819686;
weights_neuron5 [0] = -4.858707001579616;
weights_neuron5 [1] = -0.3641721957310448;
weights_neuron5 [2] = 2.524420503419907;
weights_neuron6 [0] = 2.776903144959247;
weights_neuron6 [1] = 2.97104684957579;
weights_neuron6 [2] = -5.597571434156159;
weights_neuron7 [0] = -4.87755830081034;
weights_neuron7 [1] = -15.878629537203567;
weights_neuron7 [2] = 12.550879537497552;
weights_neuron8 [0] = 0.4727748784355023;
weights_neuron8 [1] = -1.5070528631501132;
weights_neuron8 [2] = 0.2666207516613341;
weights_neuron9 [0] = -0.5250784389498835;
weights_neuron9 [1] = -46.68412949999535;
weights_neuron9 [2] = -3.180154334888316;
weights_neuron10 [0] = 1.1378921281979673;
weights_neuron10 [1] = -1.4497587979813142;
weights_neuron10 [2] = 5.03411972931001;
EXAMPLE RANDOM : 2.4151973946165441E-4
ITERATION :4279
POPULATION1 WON: population2 extinct
NETWORK
weights_neuron1 [0] = -0.42144777115512844;
weights_neuron1 [1] = 0.717068886142164;
weights_neuron1 [2] = 0.8398561828802589;
weights_neuron1 [3] = 0.5825361363545128;
weights_neuron1 [4] = 1.321920246799167;
weights_neuron1 [5] = -11.709942747959355;
weights_neuron1 [6] = -3.2494327256208506;
weights_neuron2 [0] = -3.2532068056807066;
weights_neuron2 [1] = 5.203286131106559;
weights_neuron2 [2] = 4.354199450531125;
weights_neuron2 [3] = -5.034335524725899;
weights_neuron2 [4] = 2.5453410625600092;
weights_neuron2 [5] = 8.32366819970407;
weights_neuron2 [6] = -36.67154083195244;
weights_neuron3 [0] = -0.1624700468805165;
weights_neuron3 [1] = 0.5967228743183141;
weights_neuron3 [2] = -23.330760360073796;
weights_neuron3 [3] = -0.753032479241395;
weights_neuron3 [4] = 8.938048623749816;
weights_neuron3 [5] = 3.083454532587027;
weights_neuron3 [6] = -12.173122095215229;
weights_neuron4 [0] = 2.4966812479793754;
weights_neuron4 [1] = 18.180096828163634;
weights_neuron4 [2] = 6.480053713718531;
weights_neuron5 [0] = -4.85911121569905;
weights_neuron5 [1] = -0.36420620066247045;
weights_neuron5 [2] = 2.52487357396662;
weights_neuron6 [0] = 2.7763701058592383;
weights_neuron6 [1] = 2.9713679355284253;
weights_neuron6 [2] = -5.606830443893253;
weights_neuron7 [0] = -4.874070886082073;
weights_neuron7 [1] = -15.8783115431479;
weights_neuron7 [2] = 12.551518114861029;
weights_neuron8 [0] = 0.47591343983299356;
weights_neuron8 [1] = -1.5061541474868025;
weights_neuron8 [2] = 0.2669873633990508;
weights_neuron9 [0] = -0.5254572022288486;
weights_neuron9 [1] = -46.68436557415384;
weights_neuron9 [2] = -3.180304440093381;
weights_neuron10 [0] = 1.1390252288207139;
weights_neuron10 [1] = -1.4496539693548618;
weights_neuron10 [2] = 5.034751666612641;
EXAMPLE RANDOM : 4.3341199407277703E-4
ITERATION :4280
POPULATION2 WON: population1 extinct
NETWORK
weights_neuron1 [0] = -0.42113743638578865;
weights_neuron1 [1] = 0.721076613564816;
weights_neuron1 [2] = 0.8440244733011433;
weights_neuron1 [3] = 0.5817698167420924;
weights_neuron1 [4] = 1.3199191284949028;
weights_neuron1 [5] = -11.708715924775383;
weights_neuron1 [6] = -3.2488875890265234;
weights_neuron2 [0] = -3.253602054708377;
weights_neuron2 [1] = 5.203419982815128;
weights_neuron2 [2] = 4.354095935752109;
weights_neuron2 [3] = -5.034560751875558;
weights_neuron2 [4] = 2.545288693484061;
weights_neuron2 [5] = 8.323651039632885;
weights_neuron2 [6] = -36.67195453200411;
weights_neuron3 [0] = -0.16300247845843766;
weights_neuron3 [1] = 0.5981168062128573;
weights_neuron3 [2] = -23.329523333331753;
weights_neuron3 [3] = -0.7525392392634053;
weights_neuron3 [4] = 8.938449902829591;
weights_neuron3 [5] = 3.083672345180761;
weights_neuron3 [6] = -12.173749662205305;
weights_neuron4 [0] = 2.497364008415181;
weights_neuron4 [1] = 18.182442856742636;
weights_neuron4 [2] = 6.4796453401409675;
weights_neuron5 [0] = -4.858494829335248;
weights_neuron5 [1] = -0.36438379913182534;
weights_neuron5 [2] = 2.5235819738296943;
weights_neuron6 [0] = 2.7756218986343266;
weights_neuron6 [1] = 2.9709250656992046;
weights_neuron6 [2] = -5.607571198948128;
weights_neuron7 [0] = -4.8749956781650985;
weights_neuron7 [1] = -15.881478141871241;
weights_neuron7 [2] = 12.551362894924946;
weights_neuron8 [0] = 0.4773683930203015;
weights_neuron8 [1] = -1.5057268990597164;
weights_neuron8 [2] = 0.26771769201782575;
weights_neuron9 [0] = -0.5257182886538714;
weights_neuron9 [1] = -46.684383213607546;
weights_neuron9 [2] = -3.1808195025874055;
weights_neuron10 [0] = 1.138585127756424;
weights_neuron10 [1] = -1.450646120729333;
weights_neuron10 [2] = 5.034279673658958;
EXAMPLE RANDOM : -3.306356962771812E-4
ITERATION :4281
MUTATE BOTH
EXAMPLE RANDOM : 4.3894081002547044E-4
EXAMPLE RANDOM : 0.007650516129702825
ITERATION :4282
BEAST GOT HIT!!!!!
BEAST GOT HIT!!!!!
BEAST GOT HIT!!!!!
BEAST GOT HIT!!!!!
BEAST GOT HIT!!!!!
BEAST GOT HIT!!!!!
BEAST GOT HIT!!!!!
BEAST GOT HIT!!!!!
BEAST GOT HIT!!!!!
POPULATION1 WON: population2 extinct
NETWORK
weights_neuron1 [0] = -0.42183078134474106;
weights_neuron1 [1] = 0.7203082413184265;
weights_neuron1 [2] = 0.8429543560014688;
weights_neuron1 [3] = 0.60619016786144;
weights_neuron1 [4] = 1.3169541820039155;
weights_neuron1 [5] = -11.711215933872293;
weights_neuron1 [6] = -3.2528855641357337;
weights_neuron2 [0] = -3.259538102985683;
weights_neuron2 [1] = 5.2028446244218935;
weights_neuron2 [2] = 4.35317887117387;
weights_neuron2 [3] = -5.019271214080538;
weights_neuron2 [4] = 2.5448181356626054;
weights_neuron2 [5] = 8.32316594576062;
weights_neuron2 [6] = -36.67055140313428;
weights_neuron3 [0] = -0.1628619598281056;
weights_neuron3 [1] = 0.6043816407325123;
weights_neuron3 [2] = -23.33071068227348;
weights_neuron3 [3] = -0.7528150084517669;
weights_neuron3 [4] = 8.947624166491462;
weights_neuron3 [5] = 3.0851927448588636;
weights_neuron3 [6] = -12.171361630600188;
weights_neuron4 [0] = 2.4964362392694297;
weights_neuron4 [1] = 18.18277939640008;
weights_neuron4 [2] = 6.47725653760832;
weights_neuron5 [0] = -4.901722639674564;
weights_neuron5 [1] = -0.3647766074528189;
weights_neuron5 [2] = 2.5237784806446775;
weights_neuron6 [0] = 2.775173539995166;
weights_neuron6 [1] = 2.968552377738495;
weights_neuron6 [2] = -5.605720839729462;
weights_neuron7 [0] = -4.874656864504287;
weights_neuron7 [1] = -15.882245017744154;
weights_neuron7 [2] = 12.547816518927362;
weights_neuron8 [0] = 0.4783020117973235;
weights_neuron8 [1] = -1.5065006880176786;
weights_neuron8 [2] = 0.2684058061791837;
weights_neuron9 [0] = -0.5254563022348602;
weights_neuron9 [1] = -46.68121802017426;
weights_neuron9 [2] = -3.1812000524963095;
weights_neuron10 [0] = 1.1393555856206603;
weights_neuron10 [1] = -1.4504445374457224;
weights_neuron10 [2] = 5.037661044702692;
EXAMPLE RANDOM : -2.0511051703331064E-4
ITERATION :4283
MUTATE BOTH
EXAMPLE RANDOM : -7.376027659563883E-4
EXAMPLE RANDOM : 2.3004824554160493E-4
ITERATION :4284
BEAST GOT HIT!!!!!
BEAST GOT HIT!!!!!
BEAST GOT HIT!!!!!
BEAST GOT HIT!!!!!
BEAST GOT HIT!!!!!
BEAST GOT HIT!!!!!
BEAST GOT HIT!!!!!
BEAST GOT HIT!!!!!
BEAST GOT HIT!!!!!
BEAST GOT HIT!!!!!
BEAST GOT HIT!!!!!
BEAST GOT HIT!!!!!
BEAST GOT HIT!!!!!
BEAST GOT HIT!!!!!
BEAST GOT HIT!!!!!
BEAST GOT HIT!!!!!
BEAST GOT HIT!!!!!
POPULATION1 WON: population2 extinct
NETWORK
weights_neuron1 [0] = -0.42690354297428607;
weights_neuron1 [1] = 0.7194327612147967;
weights_neuron1 [2] = 0.8433821036992526;
weights_neuron1 [3] = 0.6051862013224876;
weights_neuron1 [4] = 1.315738894569222;
weights_neuron1 [5] = -11.704669040404655;
weights_neuron1 [6] = -3.2734745366116855;
weights_neuron2 [0] = -3.2606570705017672;
weights_neuron2 [1] = 5.203175340734094;
weights_neuron2 [2] = 4.345832876249955;
weights_neuron2 [3] = -5.020008682962701;
weights_neuron2 [4] = 2.5444728748750047;
weights_neuron2 [5] = 8.321787675144627;
weights_neuron2 [6] = -36.67068989720159;
weights_neuron3 [0] = -0.15388405857989476;
weights_neuron3 [1] = 0.6044133324389153;
weights_neuron3 [2] = -23.329202858140807;
weights_neuron3 [3] = -0.7507294782231074;
weights_neuron3 [4] = 8.9475940399151;
weights_neuron3 [5] = 3.0378253660662726;
weights_neuron3 [6] = -12.17096742039546;
weights_neuron4 [0] = 2.4954442305694897;
weights_neuron4 [1] = 18.159194472820904;
weights_neuron4 [2] = 6.474261516607178;
weights_neuron5 [0] = -4.9026164330724855;
weights_neuron5 [1] = -0.3655050738736974;
weights_neuron5 [2] = 2.5236906193958832;
weights_neuron6 [0] = 2.778579868844715;
weights_neuron6 [1] = 2.9669878437187087;
weights_neuron6 [2] = -5.6047932617232235;
weights_neuron7 [0] = -4.8715039038726085;
weights_neuron7 [1] = -15.884955364550933;
weights_neuron7 [2] = 12.548733954558408;
weights_neuron8 [0] = 0.477014149696002;
weights_neuron8 [1] = -1.5834814047886234;
weights_neuron8 [2] = 0.2683589600687753;
weights_neuron9 [0] = -0.525259180327107;
weights_neuron9 [1] = -46.68092908559291;
weights_neuron9 [2] = -3.1776183119328376;
weights_neuron10 [0] = 1.1401905606775364;
weights_neuron10 [1] = -1.4507351071607102;
weights_neuron10 [2] = 5.038037899505972;
EXAMPLE RANDOM : -5.504553913256303E-4
ITERATION :4285
BEAST GOT HIT!!!!!
BEAST GOT HIT!!!!!
BEAST GOT HIT!!!!!
BEAST GOT HIT!!!!!
BEAST GOT HIT!!!!!
BEAST GOT HIT!!!!!
BEAST GOT HIT!!!!!
BEAST GOT HIT!!!!!
BEAST GOT HIT!!!!!
BEAST GOT HIT!!!!!
BEAST GOT HIT!!!!!
BEAST GOT HIT!!!!!
POPULATION1 WON: population2 extinct
NETWORK
weights_neuron1 [0] = -0.4270079497764743;
weights_neuron1 [1] = 0.7213605313375469;
weights_neuron1 [2] = 0.8435930515246888;
weights_neuron1 [3] = 0.6059094968483697;
weights_neuron1 [4] = 1.3156595710677128;
weights_neuron1 [5] = -11.702304844043107;
weights_neuron1 [6] = -3.273909822791432;
weights_neuron2 [0] = -3.268271896361267;
weights_neuron2 [1] = 5.20376272276226;
weights_neuron2 [2] = 4.346123518070075;
weights_neuron2 [3] = -5.0203451670520725;
weights_neuron2 [4] = 2.544263513719132;
weights_neuron2 [5] = 8.127171292901135;
weights_neuron2 [6] = -36.67057279506295;
weights_neuron3 [0] = -0.15371738664485984;
weights_neuron3 [1] = 0.6046570805505869;
weights_neuron3 [2] = -23.328756837391094;
weights_neuron3 [3] = -0.7506105645936619;
weights_neuron3 [4] = 8.946837251127821;
weights_neuron3 [5] = 3.0379489991258297;
weights_neuron3 [6] = -12.170184955442794;
weights_neuron4 [0] = 2.494740707448334;
weights_neuron4 [1] = 18.1596305287306;
weights_neuron4 [2] = 6.4791435019053285;
weights_neuron5 [0] = -4.9036078303291575;
weights_neuron5 [1] = -0.36614511009723577;
weights_neuron5 [2] = 2.5236401568192934;
weights_neuron6 [0] = 2.7783625166730213;
weights_neuron6 [1] = 2.9668078652439958;
weights_neuron6 [2] = -5.605656051785755;
weights_neuron7 [0] = -4.87040832631725;
weights_neuron7 [1] = -15.88453745476196;
weights_neuron7 [2] = 12.548863825952177;
weights_neuron8 [0] = 0.4773010360604087;
weights_neuron8 [1] = -1.5841699476296687;
weights_neuron8 [2] = 0.2682640589191935;
weights_neuron9 [0] = -0.5265015748864158;
weights_neuron9 [1] = -46.68036707490264;
weights_neuron9 [2] = -3.177955691034483;
weights_neuron10 [0] = 1.1398717276824257;
weights_neuron10 [1] = -1.4506572238220703;
weights_neuron10 [2] = 5.039371870710031;
EXAMPLE RANDOM : 0.0023501628773709253
ITERATION :4286
BEAST GOT HIT!!!!!
BEAST GOT HIT!!!!!
BEAST GOT HIT!!!!!
BEAST GOT HIT!!!!!
BEAST GOT HIT!!!!!
BEAST GOT HIT!!!!!
BEAST GOT HIT!!!!!
BEAST GOT HIT!!!!!
BEAST GOT HIT!!!!!
BEAST GOT HIT!!!!!
BEAST GOT HIT!!!!!
BEAST GOT HIT!!!!!
BEAST GOT HIT!!!!!
BEAST GOT HIT!!!!!
BEAST GOT HIT!!!!!
BEAST GOT HIT!!!!!
BEAST GOT HIT!!!!!
BEAST GOT HIT!!!!!
BEAST GOT HIT!!!!!
BEAST GOT HIT!!!!!
BEAST GOT HIT!!!!!
BEAST GOT HIT!!!!!
POPULATION2 WON: population1 extinct
NETWORK
weights_neuron1 [0] = -0.4265830640674919;
weights_neuron1 [1] = 0.7210408187846394;
weights_neuron1 [2] = 0.8424049278524578;
weights_neuron1 [3] = 0.6046117960064493;
weights_neuron1 [4] = 1.30885997332606;
weights_neuron1 [5] = -11.704389490267648;
weights_neuron1 [6] = -3.2740961289423076;
weights_neuron2 [0] = -3.2681087586685007;
weights_neuron2 [1] = 5.203803977227022;
weights_neuron2 [2] = 4.343354703281446;
weights_neuron2 [3] = -5.020562871080157;
weights_neuron2 [4] = 2.5440177554865806;
weights_neuron2 [5] = 8.126497029154969;
weights_neuron2 [6] = -36.67036489408012;
weights_neuron3 [0] = -0.15423283877668525;
weights_neuron3 [1] = 0.6047288611249237;
weights_neuron3 [2] = -23.328996222531156;
weights_neuron3 [3] = -0.7496498281704741;
weights_neuron3 [4] = 8.947601337563142;
weights_neuron3 [5] = 3.0374202747794445;
weights_neuron3 [6] = -12.17202452790765;
weights_neuron4 [0] = 2.4947102632648024;
weights_neuron4 [1] = 18.1594391839828;
weights_neuron4 [2] = 6.478996347694039;
weights_neuron5 [0] = -4.904217957882536;
weights_neuron5 [1] = -0.36686525720274377;
weights_neuron5 [2] = 2.524111404525415;
weights_neuron6 [0] = 2.7777657564878324;
weights_neuron6 [1] = 2.968508574759251;
weights_neuron6 [2] = -5.606096942038534;
weights_neuron7 [0] = -4.8686258155745525;
weights_neuron7 [1] = -15.88423039393363;
weights_neuron7 [2] = 12.548749157785977;
weights_neuron8 [0] = 0.4800712409593543;
weights_neuron8 [1] = -1.5836667045117434;
weights_neuron8 [2] = 0.2679536968644485;
weights_neuron9 [0] = -0.5260355210558102;
weights_neuron9 [1] = -46.68057556071404;
weights_neuron9 [2] = -3.177665597648404;
weights_neuron10 [0] = 1.1402445088838666;
weights_neuron10 [1] = -1.4507611837971885;
weights_neuron10 [2] = 5.039436065528584;
EXAMPLE RANDOM : 1.0559426765378595E-4
ITERATION :4287
BEAST GOT HIT!!!!!
BEAST GOT HIT!!!!!
BEAST GOT HIT!!!!!
BEAST GOT HIT!!!!!
BEAST GOT HIT!!!!!
BEAST GOT HIT!!!!!
BEAST GOT HIT!!!!!
BEAST GOT HIT!!!!!
BEAST GOT HIT!!!!!
BEAST GOT HIT!!!!!
BEAST GOT HIT!!!!!
BEAST GOT HIT!!!!!
BEAST GOT HIT!!!!!
BEAST GOT HIT!!!!!
BEAST GOT HIT!!!!!
BEAST GOT HIT!!!!!
BEAST GOT HIT!!!!!
BEAST GOT HIT!!!!!
BEAST GOT HIT!!!!!
BEAST GOT HIT!!!!!
BEAST GOT HIT!!!!!
BEAST GOT HIT!!!!!
BEAST GOT HIT!!!!!
BEAST GOT HIT!!!!!
BEAST GOT HIT!!!!!
BEAST GOT HIT!!!!!
BEAST GOT HIT!!!!!
BEAST GOT HIT!!!!!
BEAST GOT HIT!!!!!
BEAST GOT HIT!!!!!
BEAST GOT HIT!!!!!
BEAST GOT HIT!!!!!
BEAST GOT HIT!!!!!
BEAST GOT HIT!!!!!
BEAST GOT HIT!!!!!
BEAST GOT HIT!!!!!
BEAST GOT HIT!!!!!
BEAST GOT HIT!!!!!
POPULATION1 WON: BEAST 1 defeated
NETWORK
weights_neuron1 [0] = -0.42601693091327636;
weights_neuron1 [1] = 0.7168159469461816;
weights_neuron1 [2] = 0.8421419576704264;
weights_neuron1 [3] = 0.6038484712448945;
weights_neuron1 [4] = 1.3089463886527608;
weights_neuron1 [5] = -11.704566079147956;
weights_neuron1 [6] = -3.2732538348308298;
weights_neuron2 [0] = -3.2681375956864573;
weights_neuron2 [1] = 5.204198154716197;
weights_neuron2 [2] = 4.343041093147921;
weights_neuron2 [3] = -5.021024228659783;
weights_neuron2 [4] = 2.544069513312839;
weights_neuron2 [5] = 8.12690759776976;
weights_neuron2 [6] = -36.66183736463209;
weights_neuron3 [0] = -0.1538928276380198;
weights_neuron3 [1] = 0.5981301142109191;
weights_neuron3 [2] = -23.3289133570628;
weights_neuron3 [3] = -0.7502824590691723;
weights_neuron3 [4] = 8.947553332084167;
weights_neuron3 [5] = 3.037488237462438;
weights_neuron3 [6] = -12.172001613582962;
weights_neuron4 [0] = 2.4894513144915837;
weights_neuron4 [1] = 18.159627887592183;
weights_neuron4 [2] = 6.478514082431482;
weights_neuron5 [0] = -4.90439783528315;
weights_neuron5 [1] = -0.3670909989805271;
weights_neuron5 [2] = 2.5245463255612646;
weights_neuron6 [0] = 2.7772958542190205;
weights_neuron6 [1] = 2.9680835376045738;
weights_neuron6 [2] = -5.6059686251911565;
weights_neuron7 [0] = -4.86891864609347;
weights_neuron7 [1] = -15.8846635812196;
weights_neuron7 [2] = 12.548566454217935;
weights_neuron8 [0] = 0.4804931005736133;
weights_neuron8 [1] = -1.5832669457501551;
weights_neuron8 [2] = 0.2676621947765908;
weights_neuron9 [0] = -0.5257904745127742;
weights_neuron9 [1] = -46.67513455696297;
weights_neuron9 [2] = -3.178038160098039;
weights_neuron10 [0] = 1.1406789596891833;
weights_neuron10 [1] = -1.451283154468096;
weights_neuron10 [2] = 5.044132768897258;
EXAMPLE RANDOM : -4.5578623641179863E-4
ITERATION :4288
BEAST GOT HIT!!!!!
BEAST GOT HIT!!!!!
BEAST GOT HIT!!!!!
BEAST GOT HIT!!!!!
BEAST GOT HIT!!!!!
BEAST GOT HIT!!!!!
BEAST GOT HIT!!!!!
BEAST GOT HIT!!!!!
BEAST GOT HIT!!!!!
BEAST GOT HIT!!!!!
BEAST GOT HIT!!!!!
BEAST GOT HIT!!!!!
BEAST GOT HIT!!!!!
BEAST GOT HIT!!!!!
BEAST GOT HIT!!!!!
BEAST GOT HIT!!!!!
BEAST GOT HIT!!!!!
POPULATION1 WON: population2 extinct
NETWORK
weights_neuron1 [0] = -0.42591592691934405;
weights_neuron1 [1] = 0.7167478678921008;
weights_neuron1 [2] = 0.856478504336384;
weights_neuron1 [3] = 0.6051223199371618;
weights_neuron1 [4] = 1.3070586058388507;
weights_neuron1 [5] = -11.704844506627975;
weights_neuron1 [6] = -3.2743661957615826;
weights_neuron2 [0] = -3.2685620511705684;
weights_neuron2 [1] = 5.20456818179717;
weights_neuron2 [2] = 4.343230808546692;
weights_neuron2 [3] = -5.021452649149238;
weights_neuron2 [4] = 2.5442601926901576;
weights_neuron2 [5] = 8.127024851101122;
weights_neuron2 [6] = -36.66190213698512;
weights_neuron3 [0] = -0.15437077693627893;
weights_neuron3 [1] = 0.5986652322890138;
weights_neuron3 [2] = -23.33348201227053;
weights_neuron3 [3] = -0.75112065209832;
weights_neuron3 [4] = 8.945289015637936;
weights_neuron3 [5] = 3.037620771793917;
weights_neuron3 [6] = -12.169108611860173;
weights_neuron4 [0] = 2.4891151274417638;
weights_neuron4 [1] = 18.159997851956426;
weights_neuron4 [2] = 6.477609071524654;
weights_neuron5 [0] = -4.904593638272687;
weights_neuron5 [1] = -0.3663026840599362;
weights_neuron5 [2] = 2.524008219270259;
weights_neuron6 [0] = 2.77702285213722;
weights_neuron6 [1] = 2.968523935449001;
weights_neuron6 [2] = -5.605701374057771;
weights_neuron7 [0] = -4.86969136580876;
weights_neuron7 [1] = -15.88530651820851;
weights_neuron7 [2] = 12.551049342638938;
weights_neuron8 [0] = 0.48135694672594836;
weights_neuron8 [1] = -1.5835963507572892;
weights_neuron8 [2] = 0.2679007588642341;
weights_neuron9 [0] = -0.5265189402417247;
weights_neuron9 [1] = -46.67451958042413;
weights_neuron9 [2] = -3.1782190496749108;
weights_neuron10 [0] = 1.1417817441537088;
weights_neuron10 [1] = -1.4510803248362196;
weights_neuron10 [2] = 5.045386831063696;
EXAMPLE RANDOM : -7.012848863733982E-4
ITERATION :4289
BEAST GOT HIT!!!!!
BEAST GOT HIT!!!!!
BEAST GOT HIT!!!!!
BEAST GOT HIT!!!!!
BEAST GOT HIT!!!!!
BEAST GOT HIT!!!!!
BEAST GOT HIT!!!!!
BEAST GOT HIT!!!!!
BEAST GOT HIT!!!!!
BEAST GOT HIT!!!!!
BEAST GOT HIT!!!!!
BEAST GOT HIT!!!!!
BEAST GOT HIT!!!!!
BEAST GOT HIT!!!!!
BEAST GOT HIT!!!!!
BEAST GOT HIT!!!!!
BEAST GOT HIT!!!!!
BEAST GOT HIT!!!!!
POPULATION1 WON: population2 extinct
NETWORK
weights_neuron1 [0] = -0.4251685817021821;
weights_neuron1 [1] = 0.715492382101539;
weights_neuron1 [2] = 0.8539792858196303;
weights_neuron1 [3] = 0.6047290588617318;
weights_neuron1 [4] = 1.307166269182373;
weights_neuron1 [5] = -11.705471843199748;
weights_neuron1 [6] = -3.2746157457346237;
weights_neuron2 [0] = -3.2680080861661382;
weights_neuron2 [1] = 5.2046520827814495;
weights_neuron2 [2] = 4.343176982236182;
weights_neuron2 [3] = -5.021006991816253;
weights_neuron2 [4] = 2.543948004584064;
weights_neuron2 [5] = 8.128428922870869;
weights_neuron2 [6] = -36.66164605025267;
weights_neuron3 [0] = -0.15976986938072002;
weights_neuron3 [1] = 0.5969816737654636;
weights_neuron3 [2] = -23.332688682950646;
weights_neuron3 [3] = -0.750700400385146;
weights_neuron3 [4] = 8.945656449073725;
weights_neuron3 [5] = 3.0379425838250347;
weights_neuron3 [6] = -12.162081793201525;
weights_neuron4 [0] = 2.4887985782113105;
weights_neuron4 [1] = 18.159879840938135;
weights_neuron4 [2] = 6.477519754811289;
weights_neuron5 [0] = -4.9038420321931255;
weights_neuron5 [1] = -0.3667561513968251;
weights_neuron5 [2] = 2.5237283934635975;
weights_neuron6 [0] = 2.775385500642941;
weights_neuron6 [1] = 2.968550642131679;
weights_neuron6 [2] = -5.60628821149575;
weights_neuron7 [0] = -4.869579722466844;
weights_neuron7 [1] = -15.882131992120332;
weights_neuron7 [2] = 12.551121241968644;
weights_neuron8 [0] = 0.48167747662215116;
weights_neuron8 [1] = -1.5848488427837968;
weights_neuron8 [2] = 0.268588714197099;
weights_neuron9 [0] = -0.5255436754471248;
weights_neuron9 [1] = -46.674618141781814;
weights_neuron9 [2] = -3.177645822197807;
weights_neuron10 [0] = 1.142569057385057;
weights_neuron10 [1] = -1.4512986552488127;
weights_neuron10 [2] = 5.04470076193567;
EXAMPLE RANDOM : 7.533952035647002E-5
ITERATION :4290
BEAST GOT HIT!!!!!
BEAST GOT HIT!!!!!
POPULATION2 WON: population1 extinct
NETWORK
weights_neuron1 [0] = -0.42802714262690333;
weights_neuron1 [1] = 0.7141146834577319;
weights_neuron1 [2] = 0.8541303314330323;
weights_neuron1 [3] = 0.6040701953872006;
weights_neuron1 [4] = 1.3071528679265894;
weights_neuron1 [5] = -11.702387112143223;
weights_neuron1 [6] = -3.274950014740325;
weights_neuron2 [0] = -3.268464849084652;
weights_neuron2 [1] = 5.2051884208983035;
weights_neuron2 [2] = 4.3436453584934425;
weights_neuron2 [3] = -5.021298275086533;
weights_neuron2 [4] = 2.543595410237412;
weights_neuron2 [5] = 8.128505904975016;
weights_neuron2 [6] = -36.6618372041024;
weights_neuron3 [0] = -0.15953851186256157;
weights_neuron3 [1] = 0.5969973118594217;
weights_neuron3 [2] = -23.33316340559563;
weights_neuron3 [3] = -0.7380479617439882;
weights_neuron3 [4] = 8.946606242694411;
weights_neuron3 [5] = 3.0372739714053583;
weights_neuron3 [6] = -12.161930994227804;
weights_neuron4 [0] = 2.488458008437089;
weights_neuron4 [1] = 18.150432033215903;
weights_neuron4 [2] = 6.478151180153426;
weights_neuron5 [0] = -4.9017133907932395;
weights_neuron5 [1] = -0.3660722963313737;
weights_neuron5 [2] = 2.5243168488199275;
weights_neuron6 [0] = 2.774836714945298;
weights_neuron6 [1] = 2.9681024719150746;
weights_neuron6 [2] = -5.606747902976019;
weights_neuron7 [0] = -4.869701207474611;
weights_neuron7 [1] = -15.881582571134071;
weights_neuron7 [2] = 12.55056629385853;
weights_neuron8 [0] = 0.48373108247924895;
weights_neuron8 [1] = -1.5842941751714412;
weights_neuron8 [2] = 0.2686649472703353;
weights_neuron9 [0] = -0.526705199767457;
weights_neuron9 [1] = -46.674107303831455;
weights_neuron9 [2] = -3.177060941643813;
weights_neuron10 [0] = 1.1376450095422486;
weights_neuron10 [1] = -1.4502432294729275;
weights_neuron10 [2] = 5.040611966417593;
EXAMPLE RANDOM : 2.7652195185682866E-4
ITERATION :4291
BEAST GOT HIT!!!!!
BEAST GOT HIT!!!!!
BEAST GOT HIT!!!!!
BEAST GOT HIT!!!!!
BEAST GOT HIT!!!!!
BEAST GOT HIT!!!!!
BEAST GOT HIT!!!!!
BEAST GOT HIT!!!!!
BEAST GOT HIT!!!!!
BEAST GOT HIT!!!!!
BEAST GOT HIT!!!!!
BEAST GOT HIT!!!!!
BEAST GOT HIT!!!!!
BEAST GOT HIT!!!!!
BEAST GOT HIT!!!!!
BEAST GOT HIT!!!!!
POPULATION2 WON: population1 extinct
NETWORK
weights_neuron1 [0] = -0.4184762853982121;
weights_neuron1 [1] = 0.710040716171659;
weights_neuron1 [2] = 0.8524585796306416;
weights_neuron1 [3] = 0.6041330850711474;
weights_neuron1 [4] = 1.3076561282175116;
weights_neuron1 [5] = -11.703316430179125;
weights_neuron1 [6] = -3.2762505442827092;
weights_neuron2 [0] = -3.269224561657725;
weights_neuron2 [1] = 5.204936652845555;
weights_neuron2 [2] = 4.343557522655774;
weights_neuron2 [3] = -5.0283913393223925;
weights_neuron2 [4] = 2.5432529940045114;
weights_neuron2 [5] = 8.128473094457037;
weights_neuron2 [6] = -36.66246364924675;
weights_neuron3 [0] = -0.16026095253400113;
weights_neuron3 [1] = 0.5979480574253981;
weights_neuron3 [2] = -23.33354420404123;
weights_neuron3 [3] = -0.7380592161263839;
weights_neuron3 [4] = 8.947084905269776;
weights_neuron3 [5] = 3.0366024788791792;
weights_neuron3 [6] = -12.162435164195646;
weights_neuron4 [0] = 2.4875864328501716;
weights_neuron4 [1] = 18.150641157777304;
weights_neuron4 [2] = 6.481948792753011;
weights_neuron5 [0] = -4.895018810841805;
weights_neuron5 [1] = -0.3670014161501856;
weights_neuron5 [2] = 2.5242479775304627;
weights_neuron6 [0] = 2.7752811414093106;
weights_neuron6 [1] = 2.964693281401703;
weights_neuron6 [2] = -5.60667258929135;
weights_neuron7 [0] = -4.870018204746941;
weights_neuron7 [1] = -15.881587082767778;
weights_neuron7 [2] = 12.550614388788558;
weights_neuron8 [0] = 0.48298284071153813;
weights_neuron8 [1] = -1.5842966040191335;
weights_neuron8 [2] = 0.2680611897045424;
weights_neuron9 [0] = -0.5272645741691295;
weights_neuron9 [1] = -46.674116092206695;
weights_neuron9 [2] = -3.175238699440595;
weights_neuron10 [0] = 1.1380507944239062;
weights_neuron10 [1] = -1.453352253131427;
weights_neuron10 [2] = 5.033972009782264;
EXAMPLE RANDOM : -1.8146485873347804E-4
ITERATION :4292
POPULATION2 WON: population1 extinct
NETWORK
weights_neuron1 [0] = -0.41891925335896996;
weights_neuron1 [1] = 0.7121998267091036;
weights_neuron1 [2] = 0.8521053670239808;
weights_neuron1 [3] = 0.6027929563060348;
weights_neuron1 [4] = 1.3074811104303299;
weights_neuron1 [5] = -11.703140164579635;
weights_neuron1 [6] = -3.275408138940604;
weights_neuron2 [0] = -3.2695400002009847;
weights_neuron2 [1] = 5.206801326328162;
weights_neuron2 [2] = 4.342067019265118;
weights_neuron2 [3] = -5.027697070915226;
weights_neuron2 [4] = 2.5443417887489326;
weights_neuron2 [5] = 8.128173409630527;
weights_neuron2 [6] = -36.664042486272585;
weights_neuron3 [0] = -0.16078176704974023;
weights_neuron3 [1] = 0.5981115873475169;
weights_neuron3 [2] = -23.331203285414453;
weights_neuron3 [3] = -0.7376210890086717;
weights_neuron3 [4] = 8.946497403120135;
weights_neuron3 [5] = 3.0343642129096544;
weights_neuron3 [6] = -12.161145468933011;
weights_neuron4 [0] = 2.489388029020045;
weights_neuron4 [1] = 18.14980770658742;
weights_neuron4 [2] = 6.488019657687111;
weights_neuron5 [0] = -4.89554672375288;
weights_neuron5 [1] = -0.36206219553256974;
weights_neuron5 [2] = 2.5238937149275604;
weights_neuron6 [0] = 2.7720429006463925;
weights_neuron6 [1] = 2.9646692829420895;
weights_neuron6 [2] = -5.607188014578414;
weights_neuron7 [0] = -4.869370346855099;
weights_neuron7 [1] = -15.882346428264729;
weights_neuron7 [2] = 12.430648061107378;
weights_neuron8 [0] = 0.4831526941580177;
weights_neuron8 [1] = -1.5872766602978434;
weights_neuron8 [2] = 0.28363146818870233;
weights_neuron9 [0] = -0.5275243097789539;
weights_neuron9 [1] = -46.673861500550764;
weights_neuron9 [2] = -3.1769380132428404;
weights_neuron10 [0] = 1.1384652498301977;
weights_neuron10 [1] = -1.4531614743496666;
weights_neuron10 [2] = 5.034920008692248;
EXAMPLE RANDOM : 5.198797363033306E-4
ITERATION :4293
POPULATION2 WON: population1 extinct
NETWORK
weights_neuron1 [0] = -0.418276645073946;
weights_neuron1 [1] = 0.7111171335756526;
weights_neuron1 [2] = 0.8537049302481756;
weights_neuron1 [3] = 0.6044961913815609;
weights_neuron1 [4] = 1.307491604300911;
weights_neuron1 [5] = -11.682380958651596;
weights_neuron1 [6] = -3.277134092961905;
weights_neuron2 [0] = -3.270030739504224;
weights_neuron2 [1] = 5.207308128840172;
weights_neuron2 [2] = 4.342472614182365;
weights_neuron2 [3] = -5.028924947795703;
weights_neuron2 [4] = 2.5440228403365377;
weights_neuron2 [5] = 8.128806934778478;
weights_neuron2 [6] = -36.66560243950664;
weights_neuron3 [0] = -0.16154363642306083;
weights_neuron3 [1] = 0.5967203529856369;
weights_neuron3 [2] = -23.33049897385844;
weights_neuron3 [3] = -0.7367971668429736;
weights_neuron3 [4] = 8.956812277592807;
weights_neuron3 [5] = 3.0347287431835026;
weights_neuron3 [6] = -12.161583958399937;
weights_neuron4 [0] = 2.489928719296221;
weights_neuron4 [1] = 18.14835565087839;
weights_neuron4 [2] = 6.489039145571755;
weights_neuron5 [0] = -4.892828858805635;
weights_neuron5 [1] = -0.36177162302117394;
weights_neuron5 [2] = 2.5232472172181764;
weights_neuron6 [0] = 2.7716216264052274;
weights_neuron6 [1] = 2.965447363864254;
weights_neuron6 [2] = -5.607108013907227;
weights_neuron7 [0] = -4.868996138234812;
weights_neuron7 [1] = -15.882317949286131;
weights_neuron7 [2] = 12.432278799506742;
weights_neuron8 [0] = 0.4823532138947835;
weights_neuron8 [1] = -1.5872067844685034;
weights_neuron8 [2] = 0.2838912154417945;
weights_neuron9 [0] = -0.5359751026576249;
weights_neuron9 [1] = -46.674368200244054;
weights_neuron9 [2] = -3.1769254665527358;
weights_neuron10 [0] = 1.1389068552210437;
weights_neuron10 [1] = -1.4527909173813547;
weights_neuron10 [2] = 5.033842428365156;
EXAMPLE RANDOM : -6.629422831594745E-4
ITERATION :4294
BEAST GOT HIT!!!!!
BEAST GOT HIT!!!!!
BEAST GOT HIT!!!!!
BEAST GOT HIT!!!!!
BEAST GOT HIT!!!!!
BEAST GOT HIT!!!!!
BEAST GOT HIT!!!!!
BEAST GOT HIT!!!!!
BEAST GOT HIT!!!!!
BEAST GOT HIT!!!!!
POPULATION1 WON: both extinct BEAST 1 damaged more
NETWORK
weights_neuron1 [0] = -0.41795284151885614;
weights_neuron1 [1] = 0.7111294450861729;
weights_neuron1 [2] = 0.8536439525766226;
weights_neuron1 [3] = 0.6056499119156006;
weights_neuron1 [4] = 1.3086437790180223;
weights_neuron1 [5] = -11.682154897798393;
weights_neuron1 [6] = -3.2771901677254616;
weights_neuron2 [0] = -3.2660036656401403;
weights_neuron2 [1] = 5.2066579112910505;
weights_neuron2 [2] = 4.343506635300267;
weights_neuron2 [3] = -5.019447433209691;
weights_neuron2 [4] = 2.543575029315746;
weights_neuron2 [5] = 8.128818008949835;
weights_neuron2 [6] = -36.66521104728824;
weights_neuron3 [0] = -0.16081625416473072;
weights_neuron3 [1] = 0.597114216635482;
weights_neuron3 [2] = -23.327658656048616;
weights_neuron3 [3] = -0.7360600946427335;
weights_neuron3 [4] = 8.956256096504008;
weights_neuron3 [5] = 3.0339181881789288;
weights_neuron3 [6] = -12.16184983137889;
weights_neuron4 [0] = 2.4905143132344834;
weights_neuron4 [1] = 18.147943725913734;
weights_neuron4 [2] = 6.488768702786336;
weights_neuron5 [0] = -4.892386035259221;
weights_neuron5 [1] = -0.36129672604214025;
weights_neuron5 [2] = 2.5232558184666902;
weights_neuron6 [0] = 2.7719006680130867;
weights_neuron6 [1] = 2.9681246706987325;
weights_neuron6 [2] = -5.60320730128021;
weights_neuron7 [0] = -4.8698689795619705;
weights_neuron7 [1] = -15.88370490699768;
weights_neuron7 [2] = 12.432483335677844;
weights_neuron8 [0] = 0.4830662600985988;
weights_neuron8 [1] = -1.5871479753734778;
weights_neuron8 [2] = 0.2835690411486763;
weights_neuron9 [0] = -0.5362763536926246;
weights_neuron9 [1] = -46.67623301278762;
weights_neuron9 [2] = -3.1771699640109463;
weights_neuron10 [0] = 1.1390873276323141;
weights_neuron10 [1] = -1.456295841429354;
weights_neuron10 [2] = 5.0174277054906495;
EXAMPLE RANDOM : -2.8423048987128975E-4
ITERATION :4295
BEAST GOT HIT!!!!!
BEAST GOT HIT!!!!!
BEAST GOT HIT!!!!!
BEAST GOT HIT!!!!!
BEAST GOT HIT!!!!!
BEAST GOT HIT!!!!!
BEAST GOT HIT!!!!!
BEAST GOT HIT!!!!!
BEAST GOT HIT!!!!!
BEAST GOT HIT!!!!!
BEAST GOT HIT!!!!!
BEAST GOT HIT!!!!!
BEAST GOT HIT!!!!!
BEAST GOT HIT!!!!!
BEAST GOT HIT!!!!!
BEAST GOT HIT!!!!!
BEAST GOT HIT!!!!!
BEAST GOT HIT!!!!!
BEAST GOT HIT!!!!!
BEAST GOT HIT!!!!!
BEAST GOT HIT!!!!!
BEAST GOT HIT!!!!!
BEAST GOT HIT!!!!!
POPULATION1 WON: both extinct BEAST 1 damaged more
NETWORK
weights_neuron1 [0] = -0.4170361438537122;
weights_neuron1 [1] = 0.7128710912936884;
weights_neuron1 [2] = 0.8538603741072146;
weights_neuron1 [3] = 0.6058857530073144;
weights_neuron1 [4] = 1.309716659611616;
weights_neuron1 [5] = -11.682323011204751;
weights_neuron1 [6] = -3.2775801125746318;
weights_neuron2 [0] = -3.2651429529330276;
weights_neuron2 [1] = 5.206307604161864;
weights_neuron2 [2] = 4.343616674871654;
weights_neuron2 [3] = -5.020046272207824;
weights_neuron2 [4] = 2.542710022025128;
weights_neuron2 [5] = 8.128717169887112;
weights_neuron2 [6] = -36.664788956447595;
weights_neuron3 [0] = -0.15888476865701373;
weights_neuron3 [1] = 0.5968374776874728;
weights_neuron3 [2] = -23.326878700156218;
weights_neuron3 [3] = -0.7358403776991792;
weights_neuron3 [4] = 8.955734039974153;
weights_neuron3 [5] = 3.0338702535846296;
weights_neuron3 [6] = -12.16195398796201;
weights_neuron4 [0] = 2.4910839847351074;
weights_neuron4 [1] = 18.146088046738342;
weights_neuron4 [2] = 6.489045111264463;
weights_neuron5 [0] = -4.892933045680526;
weights_neuron5 [1] = -0.360872490122397;
weights_neuron5 [2] = 2.56181895738109;
weights_neuron6 [0] = 2.772314519783592;
weights_neuron6 [1] = 2.968495156669299;
weights_neuron6 [2] = -5.603656764986593;
weights_neuron7 [0] = -4.8681975830294055;
weights_neuron7 [1] = -15.884076293360442;
weights_neuron7 [2] = 12.432213225931516;
weights_neuron8 [0] = 0.4823991701179671;
weights_neuron8 [1] = -1.5877084915305597;
weights_neuron8 [2] = 0.28381526014756603;
weights_neuron9 [0] = -0.5366799999272265;
weights_neuron9 [1] = -46.67637233425949;
weights_neuron9 [2] = -3.1765375929537076;
weights_neuron10 [0] = 1.1393285899803214;
weights_neuron10 [1] = -1.4577620306624341;
weights_neuron10 [2] = 5.016974154370484;
EXAMPLE RANDOM : -1.2155018311255484E-4
ITERATION :4296
BEAST GOT HIT!!!!!
BEAST GOT HIT!!!!!
BEAST GOT HIT!!!!!
BEAST GOT HIT!!!!!
BEAST GOT HIT!!!!!
BEAST GOT HIT!!!!!
BEAST GOT HIT!!!!!
BEAST GOT HIT!!!!!
BEAST GOT HIT!!!!!
BEAST GOT HIT!!!!!
BEAST GOT HIT!!!!!
BEAST GOT HIT!!!!!
BEAST GOT HIT!!!!!
BEAST GOT HIT!!!!!
BEAST GOT HIT!!!!!
BEAST GOT HIT!!!!!
BEAST GOT HIT!!!!!
BEAST GOT HIT!!!!!
BEAST GOT HIT!!!!!
BEAST GOT HIT!!!!!
BEAST GOT HIT!!!!!
BEAST GOT HIT!!!!!
BEAST GOT HIT!!!!!
BEAST GOT HIT!!!!!
BEAST GOT HIT!!!!!
BEAST GOT HIT!!!!!
BEAST GOT HIT!!!!!
BEAST GOT HIT!!!!!
BEAST GOT HIT!!!!!
BEAST GOT HIT!!!!!
BEAST GOT HIT!!!!!
BEAST GOT HIT!!!!!
BEAST GOT HIT!!!!!
POPULATION1 WON: population2 extinct
NETWORK
weights_neuron1 [0] = -0.41766879359243414;
weights_neuron1 [1] = 0.7121826387255707;
weights_neuron1 [2] = 0.8543948275260406;
weights_neuron1 [3] = 0.5994018749006375;
weights_neuron1 [4] = 1.311674866433038;
weights_neuron1 [5] = -11.68248988744075;
weights_neuron1 [6] = -3.277584734896154;
weights_neuron2 [0] = -3.265371750425598;
weights_neuron2 [1] = 5.205863715147915;
weights_neuron2 [2] = 4.342660587983459;
weights_neuron2 [3] = -5.007422702501337;
weights_neuron2 [4] = 2.541515196785192;
weights_neuron2 [5] = 8.129036015636292;
weights_neuron2 [6] = -36.6628311453991;
weights_neuron3 [0] = -0.158753871734554;
weights_neuron3 [1] = 0.5973895395002544;
weights_neuron3 [2] = -23.32734124648642;
weights_neuron3 [3] = -0.7352958279463768;
weights_neuron3 [4] = 8.955046700895766;
weights_neuron3 [5] = 3.034520747855636;
weights_neuron3 [6] = -12.165798965884541;
weights_neuron4 [0] = 2.4739190746377853;
weights_neuron4 [1] = 18.146576760841842;
weights_neuron4 [2] = 6.48869941572977;
weights_neuron5 [0] = -4.89272983748773;
weights_neuron5 [1] = -0.36197599377385475;
weights_neuron5 [2] = 2.5614211788437298;
weights_neuron6 [0] = 2.7722285849309882;
weights_neuron6 [1] = 2.968921102718307;
weights_neuron6 [2] = -5.6027932059292205;
weights_neuron7 [0] = -4.869057352531525;
weights_neuron7 [1] = -15.88429791411312;
weights_neuron7 [2] = 12.432638124181006;
weights_neuron8 [0] = 0.48120322716395886;
weights_neuron8 [1] = -1.5860353579704896;
weights_neuron8 [2] = 0.28359576958533117;
weights_neuron9 [0] = -0.5397394240941568;
weights_neuron9 [1] = -46.67591052585135;
weights_neuron9 [2] = -3.1766414929766307;
weights_neuron10 [0] = 1.1394396224290457;
weights_neuron10 [1] = -1.4367024683580714;
weights_neuron10 [2] = 5.015226068237171;
EXAMPLE RANDOM : -5.110636589170412E-4
ITERATION :4297
BEAST GOT HIT!!!!!
BEAST GOT HIT!!!!!
BEAST GOT HIT!!!!!
BEAST GOT HIT!!!!!
BEAST GOT HIT!!!!!
BEAST GOT HIT!!!!!
BEAST GOT HIT!!!!!
BEAST GOT HIT!!!!!
BEAST GOT HIT!!!!!
POPULATION2 WON: both extinct BEAST 2 damaged more
NETWORK
weights_neuron1 [0] = -0.4169552810159624;
weights_neuron1 [1] = 0.7123031480871749;
weights_neuron1 [2] = 0.8534528558290311;
weights_neuron1 [3] = 0.598216093192298;
weights_neuron1 [4] = 1.3119762790790894;
weights_neuron1 [5] = -11.68612338557426;
weights_neuron1 [6] = -3.2777589848005917;
weights_neuron2 [0] = -3.26895818574231;
weights_neuron2 [1] = 5.2051525687358255;
weights_neuron2 [2] = 4.34374286304549;
weights_neuron2 [3] = -5.007399045647546;
weights_neuron2 [4] = 2.7802562333187297;
weights_neuron2 [5] = 8.128905235330627;
weights_neuron2 [6] = -36.66253718249001;
weights_neuron3 [0] = -0.15804796015436925;
weights_neuron3 [1] = 0.5979488144400247;
weights_neuron3 [2] = -23.33122039819742;
weights_neuron3 [3] = -0.7366191188828415;
weights_neuron3 [4] = 8.955015854305564;
weights_neuron3 [5] = 3.034951420465047;
weights_neuron3 [6] = -12.166060101229963;
weights_neuron4 [0] = 2.4741298899619193;
weights_neuron4 [1] = 18.14643701599581;
weights_neuron4 [2] = 6.485097774868269;
weights_neuron5 [0] = -4.890112500676823;
weights_neuron5 [1] = -0.36200558367690855;
weights_neuron5 [2] = 2.5642932148119355;
weights_neuron6 [0] = 2.7724605528184467;
weights_neuron6 [1] = 2.9694012173590507;
weights_neuron6 [2] = -5.60372203419365;
weights_neuron7 [0] = -4.868738020015704;
weights_neuron7 [1] = -15.885296963681025;
weights_neuron7 [2] = 12.41836333169205;
weights_neuron8 [0] = 0.4800987641885732;
weights_neuron8 [1] = -1.5823775439017107;
weights_neuron8 [2] = 0.2839857049736146;
weights_neuron9 [0] = -0.5385869188715111;
weights_neuron9 [1] = -46.68014154985894;
weights_neuron9 [2] = -3.176661597060836;
weights_neuron10 [0] = 1.1388440295118651;
weights_neuron10 [1] = -1.4350544585403495;
weights_neuron10 [2] = 5.016680382331069;
EXAMPLE RANDOM : -0.0011114291846345545
ITERATION :4298
BEAST GOT HIT!!!!!
BEAST GOT HIT!!!!!
BEAST GOT HIT!!!!!
BEAST GOT HIT!!!!!
BEAST GOT HIT!!!!!
BEAST GOT HIT!!!!!
BEAST GOT HIT!!!!!
BEAST GOT HIT!!!!!
BEAST GOT HIT!!!!!
BEAST GOT HIT!!!!!
BEAST GOT HIT!!!!!
BEAST GOT HIT!!!!!
POPULATION2 WON: population1 extinct
NETWORK
weights_neuron1 [0] = -0.4323070371606992;
weights_neuron1 [1] = 0.7129024636214756;
weights_neuron1 [2] = 0.8537576256917793;
weights_neuron1 [3] = 0.600093085008827;
weights_neuron1 [4] = 1.3107332208335722;
weights_neuron1 [5] = -11.686549891895195;
weights_neuron1 [6] = -3.276929754826956;
weights_neuron2 [0] = -3.268935084000903;
weights_neuron2 [1] = 5.205845796139939;
weights_neuron2 [2] = 4.343310289768682;
weights_neuron2 [3] = -5.007787763170958;
weights_neuron2 [4] = 2.779842967313022;
weights_neuron2 [5] = 8.128778563878575;
weights_neuron2 [6] = -36.662649432888365;
weights_neuron3 [0] = -0.15845183574140245;
weights_neuron3 [1] = 0.5980670811195902;
weights_neuron3 [2] = -23.329156444961942;
weights_neuron3 [3] = -0.7374298324860563;
weights_neuron3 [4] = 8.955137123236174;
weights_neuron3 [5] = 3.0361378227004496;
weights_neuron3 [6] = -12.165962103657378;
weights_neuron4 [0] = 2.471762889440095;
weights_neuron4 [1] = 18.146754880877065;
weights_neuron4 [2] = 6.48544463314996;
weights_neuron5 [0] = -4.889976026249026;
weights_neuron5 [1] = -0.3627149483042421;
weights_neuron5 [2] = 2.5642198423515157;
weights_neuron6 [0] = 2.7737867130867775;
weights_neuron6 [1] = 2.9685619433262644;
weights_neuron6 [2] = -5.603738911130942;
weights_neuron7 [0] = -4.8692195608947655;
weights_neuron7 [1] = -15.886102179475937;
weights_neuron7 [2] = 12.419074427727853;
weights_neuron8 [0] = 0.48029646898552486;
weights_neuron8 [1] = -1.5829713443526163;
weights_neuron8 [2] = 0.2838987037963649;
weights_neuron9 [0] = -0.548543080728741;
weights_neuron9 [1] = -46.680837436095146;
weights_neuron9 [2] = -3.1768952462634443;
weights_neuron10 [0] = 1.1381353565679;
weights_neuron10 [1] = -1.4346561572057408;
weights_neuron10 [2] = 5.312037894970327;
EXAMPLE RANDOM : 2.4223176160804942E-4
ITERATION :4299
BEAST GOT HIT!!!!!
BEAST GOT HIT!!!!!
BEAST GOT HIT!!!!!
POPULATION1 WON: both extinct BEAST 1 damaged more
NETWORK
weights_neuron1 [0] = -0.4327441426962895;
weights_neuron1 [1] = 0.7045194879410841;
weights_neuron1 [2] = 0.8535719998494922;
weights_neuron1 [3] = 0.5995961941730941;
weights_neuron1 [4] = 1.3101789040595988;
weights_neuron1 [5] = -11.685972665249833;
weights_neuron1 [6] = -3.275882337328003;
weights_neuron2 [0] = -3.2676224840990034;
weights_neuron2 [1] = 5.206770657941383;
weights_neuron2 [2] = 4.342467763143744;
weights_neuron2 [3] = -5.007365026425965;
weights_neuron2 [4] = 2.7817422078837506;
weights_neuron2 [5] = 8.129270762230854;
weights_neuron2 [6] = -36.66313411562099;
weights_neuron3 [0] = -0.15761118966202942;
weights_neuron3 [1] = 0.5979655591910622;
weights_neuron3 [2] = -23.32974563275503;
weights_neuron3 [3] = -0.7486378039056691;
weights_neuron3 [4] = 8.955245196960826;
weights_neuron3 [5] = 3.0316354781719848;
weights_neuron3 [6] = -12.16531694912495;
weights_neuron4 [0] = 2.4750050653993254;
weights_neuron4 [1] = 18.143324561046832;
weights_neuron4 [2] = 6.485696211466395;
weights_neuron5 [0] = -4.891383248805022;
weights_neuron5 [1] = -0.36261459878858127;
weights_neuron5 [2] = 2.5645851109082307;
weights_neuron6 [0] = 2.7733468031911372;
weights_neuron6 [1] = 2.967920847187846;
weights_neuron6 [2] = -5.602391574150025;
weights_neuron7 [0] = -4.868717543580691;
weights_neuron7 [1] = -15.885602774013437;
weights_neuron7 [2] = 12.418963837231187;
weights_neuron8 [0] = 0.4806083851087807;
weights_neuron8 [1] = -1.5829931889768665;
weights_neuron8 [2] = 0.28340220152864337;
weights_neuron9 [0] = -0.5476346802521478;
weights_neuron9 [1] = -46.68100982780798;
weights_neuron9 [2] = -3.1767650616126675;
weights_neuron10 [0] = 1.1379103298246236;
weights_neuron10 [1] = -1.4347154387775338;
weights_neuron10 [2] = 5.311816552847987;
EXAMPLE RANDOM : 6.965603581599321E-4
ITERATION :4300
BEAST GOT HIT!!!!!
BEAST GOT HIT!!!!!
BEAST GOT HIT!!!!!
POPULATION2 WON: population1 extinct
NETWORK
weights_neuron1 [0] = -0.4323715421906607;
weights_neuron1 [1] = 0.7050322045747688;
weights_neuron1 [2] = 0.8534854158080081;
weights_neuron1 [3] = 0.6001645344281413;
weights_neuron1 [4] = 1.3099376172877801;
weights_neuron1 [5] = -11.68600071843864;
weights_neuron1 [6] = -3.2754883788579527;
weights_neuron2 [0] = -3.267315861181719;
weights_neuron2 [1] = 5.206838563819098;
weights_neuron2 [2] = 4.343027155797551;
weights_neuron2 [3] = -5.007275883382312;
weights_neuron2 [4] = 2.78471142127355;
weights_neuron2 [5] = 8.128931704020694;
weights_neuron2 [6] = -36.66341627825019;
weights_neuron3 [0] = -0.16106604982547293;
weights_neuron3 [1] = 0.5975321963042467;
weights_neuron3 [2] = -23.33039387705558;
weights_neuron3 [3] = -0.7486278003791934;
weights_neuron3 [4] = 8.95508340890119;
weights_neuron3 [5] = 3.032373891327346;
weights_neuron3 [6] = -12.165528845635949;
weights_neuron4 [0] = 2.4746514738709076;
weights_neuron4 [1] = 18.142566705154117;
weights_neuron4 [2] = 6.483321063103222;
weights_neuron5 [0] = -4.8917765298657345;
weights_neuron5 [1] = -0.3613679276651724;
weights_neuron5 [2] = 2.56449905133276;
weights_neuron6 [0] = 2.775905236862293;
weights_neuron6 [1] = 2.966700779270939;
weights_neuron6 [2] = -5.601930711728002;
weights_neuron7 [0] = -4.868438798871322;
weights_neuron7 [1] = -15.885825911624053;
weights_neuron7 [2] = 12.419730469835962;
weights_neuron8 [0] = 0.4802800025742155;
weights_neuron8 [1] = -1.583513623040869;
weights_neuron8 [2] = 0.2824908562384836;
weights_neuron9 [0] = -0.5473736126057721;
weights_neuron9 [1] = -46.68087295772568;
weights_neuron9 [2] = -3.1770268278086373;
weights_neuron10 [0] = 1.1381016723413633;
weights_neuron10 [1] = -1.4354123996545174;
weights_neuron10 [2] = 5.312077837743621;
EXAMPLE RANDOM : 1.6352702375016336E-4
ITERATION :4301
BEAST GOT HIT!!!!!
POPULATION1 WON: population2 extinct
NETWORK
weights_neuron1 [0] = -0.4346507346887389;
weights_neuron1 [1] = 0.7034160387130792;
weights_neuron1 [2] = 0.8541924334290293;
weights_neuron1 [3] = 0.6004220189374945;
weights_neuron1 [4] = 1.3091595777565752;
weights_neuron1 [5] = -11.687020986264265;
weights_neuron1 [6] = -3.275287511905806;
weights_neuron2 [0] = -3.2828729455689074;
weights_neuron2 [1] = 5.206224831491439;
weights_neuron2 [2] = 4.342125241085102;
weights_neuron2 [3] = -5.00695190282275;
weights_neuron2 [4] = 2.778813912900702;
weights_neuron2 [5] = 8.129569332692364;
weights_neuron2 [6] = -36.6629421431142;
weights_neuron3 [0] = -0.1626680397727721;
weights_neuron3 [1] = 0.5965261276852584;
weights_neuron3 [2] = -23.33024288472286;
weights_neuron3 [3] = -0.7491955974256015;
weights_neuron3 [4] = 8.953637022451641;
weights_neuron3 [5] = 3.031921878702273;
weights_neuron3 [6] = -12.165178139430964;
weights_neuron4 [0] = 2.474899808377056;
weights_neuron4 [1] = 18.14187602270759;
weights_neuron4 [2] = 6.482543841354859;
weights_neuron5 [0] = -4.891201873075064;
weights_neuron5 [1] = -0.3601842411694645;
weights_neuron5 [2] = 2.564607430438875;
weights_neuron6 [0] = 2.779379172291638;
weights_neuron6 [1] = 2.9662990882277143;
weights_neuron6 [2] = -5.5984542656948;
weights_neuron7 [0] = -4.8702302331191865;
weights_neuron7 [1] = -15.88497089020623;
weights_neuron7 [2] = 12.414562749785597;
weights_neuron8 [0] = 0.4799993944879935;
weights_neuron8 [1] = -1.5841442906545546;
weights_neuron8 [2] = 0.2826769460127;
weights_neuron9 [0] = -0.5475576096766033;
weights_neuron9 [1] = -46.68074130590142;
weights_neuron9 [2] = -3.1780185514783765;
weights_neuron10 [0] = 1.1373746810822383;
weights_neuron10 [1] = -1.4354547572965517;
weights_neuron10 [2] = 5.312100265961851;
EXAMPLE RANDOM : -5.984292205719145E-6
ITERATION :4302
POPULATION2 WON: population1 extinct
NETWORK
weights_neuron1 [0] = -0.43541078813551687;
weights_neuron1 [1] = 0.7032343600188634;
weights_neuron1 [2] = 0.855250065940705;
weights_neuron1 [3] = 0.6001885256662158;
weights_neuron1 [4] = 1.309690703159205;
weights_neuron1 [5] = -11.686176240954502;
weights_neuron1 [6] = -3.2761000986963627;
weights_neuron2 [0] = -3.2828298117645223;
weights_neuron2 [1] = 5.206709706865675;
weights_neuron2 [2] = 4.350957093969719;
weights_neuron2 [3] = -5.007465598334223;
weights_neuron2 [4] = 2.7783613180549116;
weights_neuron2 [5] = 8.129488239520104;
weights_neuron2 [6] = -36.66341257532151;
weights_neuron3 [0] = -0.16194377833085455;
weights_neuron3 [1] = 0.5974602043519933;
weights_neuron3 [2] = -23.329941156118576;
weights_neuron3 [3] = -0.7497022226741904;
weights_neuron3 [4] = 8.955693116159967;
weights_neuron3 [5] = 3.030781127735157;
weights_neuron3 [6] = -12.164733999273698;
weights_neuron4 [0] = 2.4873571123018046;
weights_neuron4 [1] = 18.141784029252097;
weights_neuron4 [2] = 6.481097767930353;
weights_neuron5 [0] = -4.89062305181744;
weights_neuron5 [1] = -0.36016941898855825;
weights_neuron5 [2] = 2.5650039799399207;
weights_neuron6 [0] = 2.7794438179303174;
weights_neuron6 [1] = 2.9668988545115007;
weights_neuron6 [2] = -5.599564836015872;
weights_neuron7 [0] = -4.8705953238221165;
weights_neuron7 [1] = -15.88528146705893;
weights_neuron7 [2] = 12.4153696036582;
weights_neuron8 [0] = 0.48068835674432064;
weights_neuron8 [1] = -1.5847385724886982;
weights_neuron8 [2] = 0.2823399636048545;
weights_neuron9 [0] = -0.9007536112574102;
weights_neuron9 [1] = -46.68078158029088;
weights_neuron9 [2] = -3.1786615330425962;
weights_neuron10 [0] = 1.1381225791077247;
weights_neuron10 [1] = -1.4364245893565373;
weights_neuron10 [2] = 5.311963065043716;
EXAMPLE RANDOM : 2.6841409218717567E-4
ITERATION :4303
BEAST GOT HIT!!!!!
BEAST GOT HIT!!!!!
POPULATION1 WON: population2 extinct
NETWORK
weights_neuron1 [0] = -0.4350319109019181;
weights_neuron1 [1] = 0.701311022947075;
weights_neuron1 [2] = 0.8550659452454983;
weights_neuron1 [3] = 0.6012552486156911;
weights_neuron1 [4] = 1.3102238517407465;
weights_neuron1 [5] = -11.686067888900528;
weights_neuron1 [6] = -3.2776776128992235;
weights_neuron2 [0] = -3.283000318938587;
weights_neuron2 [1] = 5.206755701930923;
weights_neuron2 [2] = 4.350928413668949;
weights_neuron2 [3] = -5.006774768243729;
weights_neuron2 [4] = 2.7777417197961882;
weights_neuron2 [5] = 8.128961940424132;
weights_neuron2 [6] = -36.66563272815949;
weights_neuron3 [0] = -0.16212378598034882;
weights_neuron3 [1] = 0.5979039818864019;
weights_neuron3 [2] = -23.330501740581823;
weights_neuron3 [3] = -0.7493270671043784;
weights_neuron3 [4] = 8.95627378198393;
weights_neuron3 [5] = 3.030834176384332;
weights_neuron3 [6] = -12.162423241210025;
weights_neuron4 [0] = 2.4802199240753207;
weights_neuron4 [1] = 18.14100866713215;
weights_neuron4 [2] = 6.48097535344051;
weights_neuron5 [0] = -4.891126691197762;
weights_neuron5 [1] = -0.3605583127112662;
weights_neuron5 [2] = 2.564510025047956;
weights_neuron6 [0] = 2.7794953472545054;
weights_neuron6 [1] = 2.967667312836589;
weights_neuron6 [2] = -5.604645308907245;
weights_neuron7 [0] = -4.8710724259879195;
weights_neuron7 [1] = -15.885979357734849;
weights_neuron7 [2] = 12.415420547942142;
weights_neuron8 [0] = 0.4813900527729344;
weights_neuron8 [1] = -1.5852107166776448;
weights_neuron8 [2] = 0.28153448609081466;
weights_neuron9 [0] = -0.9009690231220943;
weights_neuron9 [1] = -46.681335050969764;
weights_neuron9 [2] = -3.178413028295057;
weights_neuron10 [0] = 1.138729648028555;
weights_neuron10 [1] = -1.4361442773624273;
weights_neuron10 [2] = 5.312759563634352;
EXAMPLE RANDOM : 8.377868775013992E-5
ITERATION :4304
BEAST GOT HIT!!!!!
BEAST GOT HIT!!!!!
BEAST GOT HIT!!!!!
BEAST GOT HIT!!!!!
BEAST GOT HIT!!!!!
BEAST GOT HIT!!!!!
BEAST GOT HIT!!!!!
BEAST GOT HIT!!!!!
BEAST GOT HIT!!!!!
BEAST GOT HIT!!!!!
BEAST GOT HIT!!!!!
BEAST GOT HIT!!!!!
BEAST GOT HIT!!!!!
BEAST GOT HIT!!!!!
BEAST GOT HIT!!!!!
BEAST GOT HIT!!!!!
BEAST GOT HIT!!!!!
BEAST GOT HIT!!!!!
BEAST GOT HIT!!!!!
BEAST GOT HIT!!!!!
BEAST GOT HIT!!!!!
BEAST GOT HIT!!!!!
BEAST GOT HIT!!!!!
BEAST GOT HIT!!!!!
POPULATION1 WON: both extinct BEAST 1 damaged more
NETWORK
weights_neuron1 [0] = -0.4395940012351761;
weights_neuron1 [1] = 0.7018172969318436;
weights_neuron1 [2] = 0.8547166613781568;
weights_neuron1 [3] = 0.6025646062225404;
weights_neuron1 [4] = 1.3103555340169106;
weights_neuron1 [5] = -11.685294225318534;
weights_neuron1 [6] = -3.27811018454992;
weights_neuron2 [0] = -3.2835204702971463;
weights_neuron2 [1] = 5.206200979098406;
weights_neuron2 [2] = 4.350775756249763;
weights_neuron2 [3] = -5.006393199774015;
weights_neuron2 [4] = 2.777333967051746;
weights_neuron2 [5] = 8.128388670804712;
weights_neuron2 [6] = -36.665503345059264;
weights_neuron3 [0] = -0.16144241024967668;
weights_neuron3 [1] = 0.5971866596730547;
weights_neuron3 [2] = -23.263326374000414;
weights_neuron3 [3] = -0.7491473213374862;
weights_neuron3 [4] = 8.957301679079988;
weights_neuron3 [5] = 3.0307555469403002;
weights_neuron3 [6] = -12.163139496231619;
weights_neuron4 [0] = 2.5187575196022185;
weights_neuron4 [1] = 18.140946963434832;
weights_neuron4 [2] = 6.482449530674859;
weights_neuron5 [0] = -4.889229937364393;
weights_neuron5 [1] = -0.36024269557899896;
weights_neuron5 [2] = 2.5641593412214507;
weights_neuron6 [0] = 2.7794564373220343;
weights_neuron6 [1] = 2.9679301476860847;
weights_neuron6 [2] = -5.604183577480126;
weights_neuron7 [0] = -4.871606943995487;
weights_neuron7 [1] = -15.88636340857456;
weights_neuron7 [2] = 12.416640789884656;
weights_neuron8 [0] = 0.48220399718444007;
weights_neuron8 [1] = -1.5844322282683183;
weights_neuron8 [2] = 0.2817793110627456;
weights_neuron9 [0] = -0.899739429709591;
weights_neuron9 [1] = -46.68058648141632;
weights_neuron9 [2] = -3.1780127313678177;
weights_neuron10 [0] = 1.156140346011138;
weights_neuron10 [1] = -1.4361208118841466;
weights_neuron10 [2] = 5.312684436878816;
EXAMPLE RANDOM : -0.6013063084004557
ITERATION :4305
BEAST GOT HIT!!!!!
BEAST GOT HIT!!!!!
BEAST GOT HIT!!!!!
BEAST GOT HIT!!!!!
POPULATION2 WON: both extinct BEAST 2 damaged more
NETWORK
weights_neuron1 [0] = -0.43901804384535714;
weights_neuron1 [1] = 0.7032179685798393;
weights_neuron1 [2] = 0.8538785404795491;
weights_neuron1 [3] = 0.5786509205628783;
weights_neuron1 [4] = 1.3098503681945541;
weights_neuron1 [5] = -11.685947388360445;
weights_neuron1 [6] = -3.2783085016417224;
weights_neuron2 [0] = -3.282292667976312;
weights_neuron2 [1] = 5.194912354299825;
weights_neuron2 [2] = 4.517293399827731;
weights_neuron2 [3] = -5.006012055436624;
weights_neuron2 [4] = 2.77759579077915;
weights_neuron2 [5] = 8.12756382875909;
weights_neuron2 [6] = -36.664068058534816;
weights_neuron3 [0] = -0.16218469775246286;
weights_neuron3 [1] = 0.5979148093763796;
weights_neuron3 [2] = -23.26251760012239;
weights_neuron3 [3] = -0.7488730580904375;
weights_neuron3 [4] = 8.959384493946489;
weights_neuron3 [5] = 3.0303768502791204;
weights_neuron3 [6] = -12.166525246742353;
weights_neuron4 [0] = 2.526654234591255;
weights_neuron4 [1] = 18.140893942226725;
weights_neuron4 [2] = 6.482890488733563;
weights_neuron5 [0] = -4.889774261953715;
weights_neuron5 [1] = -0.3600558142259486;
weights_neuron5 [2] = 2.564716367946453;
weights_neuron6 [0] = 2.7795197283159507;
weights_neuron6 [1] = 2.970675988879751;
weights_neuron6 [2] = -5.604445773773441;
weights_neuron7 [0] = -4.871979063000665;
weights_neuron7 [1] = -15.888022550706465;
weights_neuron7 [2] = 12.416273929347325;
weights_neuron8 [0] = 0.48250694547802114;
weights_neuron8 [1] = -1.5842082628456928;
weights_neuron8 [2] = 0.28111128146499903;
weights_neuron9 [0] = -0.8993440382032737;
weights_neuron9 [1] = -46.68083278129928;
weights_neuron9 [2] = -3.1782500361334565;
weights_neuron10 [0] = 1.1564917363671463;
weights_neuron10 [1] = -1.3848204368895602;
weights_neuron10 [2] = 5.312037583083016;
EXAMPLE RANDOM : -0.0010305940551755901
ITERATION :4306
BEAST GOT HIT!!!!!
BEAST GOT HIT!!!!!
BEAST GOT HIT!!!!!
BEAST GOT HIT!!!!!
POPULATION2 WON: population1 extinct
NETWORK
weights_neuron1 [0] = -0.4398354770879665;
weights_neuron1 [1] = 0.7031462237394361;
weights_neuron1 [2] = 0.8550627695640253;
weights_neuron1 [3] = 0.5782404812004156;
weights_neuron1 [4] = 1.310329688801346;
weights_neuron1 [5] = -11.68521058115469;
weights_neuron1 [6] = -3.2775914906725716;
weights_neuron2 [0] = -3.2824503434185854;
weights_neuron2 [1] = 5.195618505565062;
weights_neuron2 [2] = 4.518142906379575;
weights_neuron2 [3] = -5.007986489046809;
weights_neuron2 [4] = 2.7781552636538724;
weights_neuron2 [5] = 8.127202993384286;
weights_neuron2 [6] = -36.663518563139014;
weights_neuron3 [0] = -0.1716973228203986;
weights_neuron3 [1] = 0.5978575783981261;
weights_neuron3 [2] = -23.263649929725965;
weights_neuron3 [3] = -0.7532638543493696;
weights_neuron3 [4] = 8.959090875488162;
weights_neuron3 [5] = 3.0284959789340946;
weights_neuron3 [6] = -12.16593354445263;
weights_neuron4 [0] = 2.5275571752902986;
weights_neuron4 [1] = 18.14125827250929;
weights_neuron4 [2] = 6.482887984131867;
weights_neuron5 [0] = -4.890663267984401;
weights_neuron5 [1] = -0.35984138043714203;
weights_neuron5 [2] = 2.5630734707250458;
weights_neuron6 [0] = 2.7809306602045276;
weights_neuron6 [1] = 2.9743957580347384;
weights_neuron6 [2] = -5.606585203558673;
weights_neuron7 [0] = -4.873046109471385;
weights_neuron7 [1] = -15.887967439280683;
weights_neuron7 [2] = 12.415603824971072;
weights_neuron8 [0] = 0.48427017612127987;
weights_neuron8 [1] = -1.5839871415241487;
weights_neuron8 [2] = 0.28224544614272923;
weights_neuron9 [0] = -0.8987638323361329;
weights_neuron9 [1] = -46.68090210551524;
weights_neuron9 [2] = -3.181686355078933;
weights_neuron10 [0] = 1.1564437461715045;
weights_neuron10 [1] = -1.3848904892787912;
weights_neuron10 [2] = 5.313291725691983;
EXAMPLE RANDOM : 1.7186518797137788E-4
ITERATION :4307
BEAST GOT HIT!!!!!
BEAST GOT HIT!!!!!
BEAST GOT HIT!!!!!
BEAST GOT HIT!!!!!
BEAST GOT HIT!!!!!
BEAST GOT HIT!!!!!
BEAST GOT HIT!!!!!
BEAST GOT HIT!!!!!
BEAST GOT HIT!!!!!
BEAST GOT HIT!!!!!
BEAST GOT HIT!!!!!
BEAST GOT HIT!!!!!
BEAST GOT HIT!!!!!
BEAST GOT HIT!!!!!
BEAST GOT HIT!!!!!
BEAST GOT HIT!!!!!
BEAST GOT HIT!!!!!
BEAST GOT HIT!!!!!
BEAST GOT HIT!!!!!
BEAST GOT HIT!!!!!
BEAST GOT HIT!!!!!
BEAST GOT HIT!!!!!
BEAST GOT HIT!!!!!
BEAST GOT HIT!!!!!
BEAST GOT HIT!!!!!
2016-11-08 21:05:45.608  INFO 98641 --- [)-192.168.0.249] inMXBeanRegistrar$SpringApplicationAdmin : Application shutdown requested.
2016-11-08 21:05:45.609  INFO 98641 --- [)-192.168.0.249] s.c.a.AnnotationConfigApplicationContext : Closing org.springframework.context.annotation.AnnotationConfigApplicationContext@7bc1a03d: startup date [Tue Nov 08 20:40:44 CET 2016]; root of context hierarchy
2016-11-08 21:05:45.613  INFO 98641 --- [)-192.168.0.249] o.s.j.e.a.AnnotationMBeanExporter        : Unregistering JMX-exposed beans on shutdown
BEAST GOT HIT!!!!!
BEAST GOT HIT!!!!!
BEAST GOT HIT!!!!!
